TN:
SF:src/aqua__Aqua.flat.sol
DA:26,5
FN:26,BalanceLib.load
FNDA:5,BalanceLib.load
DA:28,5
DA:29,5
DA:30,5
DA:39,1
FN:39,BalanceLib.store
FNDA:1,BalanceLib.store
DA:41,1
DA:42,1
DA:490,0
FN:490,RevertReasonForwarder.reRevert
FNDA:0,RevertReasonForwarder.reRevert
DA:493,0
DA:494,0
DA:495,0
DA:504,0
FN:504,RevertReasonForwarder.reReason
FNDA:0,RevertReasonForwarder.reReason
DA:506,0
DA:507,0
DA:508,0
DA:509,0
DA:510,0
DA:563,2
FN:563,SafeCast.toUint248
FNDA:2,SafeCast.toUint248
DA:564,2
BRDA:564,0,0,1
DA:565,1
DA:567,1
DA:580,0
FN:580,SafeCast.toUint240
FNDA:0,SafeCast.toUint240
DA:581,0
BRDA:581,1,0,-
DA:582,0
DA:584,0
DA:597,0
FN:597,SafeCast.toUint232
FNDA:0,SafeCast.toUint232
DA:598,0
BRDA:598,2,0,-
DA:599,0
DA:601,0
DA:614,0
FN:614,SafeCast.toUint224
FNDA:0,SafeCast.toUint224
DA:615,0
BRDA:615,3,0,-
DA:616,0
DA:618,0
DA:631,0
FN:631,SafeCast.toUint216
FNDA:0,SafeCast.toUint216
DA:632,0
BRDA:632,4,0,-
DA:633,0
DA:635,0
DA:648,0
FN:648,SafeCast.toUint208
FNDA:0,SafeCast.toUint208
DA:649,0
BRDA:649,5,0,-
DA:650,0
DA:652,0
DA:665,0
FN:665,SafeCast.toUint200
FNDA:0,SafeCast.toUint200
DA:666,0
BRDA:666,6,0,-
DA:667,0
DA:669,0
DA:682,0
FN:682,SafeCast.toUint192
FNDA:0,SafeCast.toUint192
DA:683,0
BRDA:683,7,0,-
DA:684,0
DA:686,0
DA:699,0
FN:699,SafeCast.toUint184
FNDA:0,SafeCast.toUint184
DA:700,0
BRDA:700,8,0,-
DA:701,0
DA:703,0
DA:716,0
FN:716,SafeCast.toUint176
FNDA:0,SafeCast.toUint176
DA:717,0
BRDA:717,9,0,-
DA:718,0
DA:720,0
DA:733,0
FN:733,SafeCast.toUint168
FNDA:0,SafeCast.toUint168
DA:734,0
BRDA:734,10,0,-
DA:735,0
DA:737,0
DA:750,0
FN:750,SafeCast.toUint160
FNDA:0,SafeCast.toUint160
DA:751,0
BRDA:751,11,0,-
DA:752,0
DA:754,0
DA:767,0
FN:767,SafeCast.toUint152
FNDA:0,SafeCast.toUint152
DA:768,0
BRDA:768,12,0,-
DA:769,0
DA:771,0
DA:784,0
FN:784,SafeCast.toUint144
FNDA:0,SafeCast.toUint144
DA:785,0
BRDA:785,13,0,-
DA:786,0
DA:788,0
DA:801,0
FN:801,SafeCast.toUint136
FNDA:0,SafeCast.toUint136
DA:802,0
BRDA:802,14,0,-
DA:803,0
DA:805,0
DA:818,0
FN:818,SafeCast.toUint128
FNDA:0,SafeCast.toUint128
DA:819,0
BRDA:819,15,0,-
DA:820,0
DA:822,0
DA:835,0
FN:835,SafeCast.toUint120
FNDA:0,SafeCast.toUint120
DA:836,0
BRDA:836,16,0,-
DA:837,0
DA:839,0
DA:852,0
FN:852,SafeCast.toUint112
FNDA:0,SafeCast.toUint112
DA:853,0
BRDA:853,17,0,-
DA:854,0
DA:856,0
DA:869,0
FN:869,SafeCast.toUint104
FNDA:0,SafeCast.toUint104
DA:870,0
BRDA:870,18,0,-
DA:871,0
DA:873,0
DA:886,0
FN:886,SafeCast.toUint96
FNDA:0,SafeCast.toUint96
DA:887,0
BRDA:887,19,0,-
DA:888,0
DA:890,0
DA:903,0
FN:903,SafeCast.toUint88
FNDA:0,SafeCast.toUint88
DA:904,0
BRDA:904,20,0,-
DA:905,0
DA:907,0
DA:920,0
FN:920,SafeCast.toUint80
FNDA:0,SafeCast.toUint80
DA:921,0
BRDA:921,21,0,-
DA:922,0
DA:924,0
DA:937,0
FN:937,SafeCast.toUint72
FNDA:0,SafeCast.toUint72
DA:938,0
BRDA:938,22,0,-
DA:939,0
DA:941,0
DA:954,0
FN:954,SafeCast.toUint64
FNDA:0,SafeCast.toUint64
DA:955,0
BRDA:955,23,0,-
DA:956,0
DA:958,0
DA:971,0
FN:971,SafeCast.toUint56
FNDA:0,SafeCast.toUint56
DA:972,0
BRDA:972,24,0,-
DA:973,0
DA:975,0
DA:988,0
FN:988,SafeCast.toUint48
FNDA:0,SafeCast.toUint48
DA:989,0
BRDA:989,25,0,-
DA:990,0
DA:992,0
DA:1005,0
FN:1005,SafeCast.toUint40
FNDA:0,SafeCast.toUint40
DA:1006,0
BRDA:1006,26,0,-
DA:1007,0
DA:1009,0
DA:1022,0
FN:1022,SafeCast.toUint32
FNDA:0,SafeCast.toUint32
DA:1023,0
BRDA:1023,27,0,-
DA:1024,0
DA:1026,0
DA:1039,0
FN:1039,SafeCast.toUint24
FNDA:0,SafeCast.toUint24
DA:1040,0
BRDA:1040,28,0,-
DA:1041,0
DA:1043,0
DA:1056,0
FN:1056,SafeCast.toUint16
FNDA:0,SafeCast.toUint16
DA:1057,0
BRDA:1057,29,0,-
DA:1058,0
DA:1060,0
DA:1073,0
FN:1073,SafeCast.toUint8
FNDA:0,SafeCast.toUint8
DA:1074,0
BRDA:1074,30,0,-
DA:1075,0
DA:1077,0
DA:1087,0
FN:1087,SafeCast.toUint256
FNDA:0,SafeCast.toUint256
DA:1088,0
BRDA:1088,31,0,-
DA:1089,0
DA:1091,0
DA:1105,0
FN:1105,SafeCast.toInt248
FNDA:0,SafeCast.toInt248
DA:1106,0
DA:1107,0
BRDA:1107,32,0,-
DA:1108,0
DA:1123,0
FN:1123,SafeCast.toInt240
FNDA:0,SafeCast.toInt240
DA:1124,0
DA:1125,0
BRDA:1125,33,0,-
DA:1126,0
DA:1141,0
FN:1141,SafeCast.toInt232
FNDA:0,SafeCast.toInt232
DA:1142,0
DA:1143,0
BRDA:1143,34,0,-
DA:1144,0
DA:1159,0
FN:1159,SafeCast.toInt224
FNDA:0,SafeCast.toInt224
DA:1160,0
DA:1161,0
BRDA:1161,35,0,-
DA:1162,0
DA:1177,0
FN:1177,SafeCast.toInt216
FNDA:0,SafeCast.toInt216
DA:1178,0
DA:1179,0
BRDA:1179,36,0,-
DA:1180,0
DA:1195,0
FN:1195,SafeCast.toInt208
FNDA:0,SafeCast.toInt208
DA:1196,0
DA:1197,0
BRDA:1197,37,0,-
DA:1198,0
DA:1213,0
FN:1213,SafeCast.toInt200
FNDA:0,SafeCast.toInt200
DA:1214,0
DA:1215,0
BRDA:1215,38,0,-
DA:1216,0
DA:1231,0
FN:1231,SafeCast.toInt192
FNDA:0,SafeCast.toInt192
DA:1232,0
DA:1233,0
BRDA:1233,39,0,-
DA:1234,0
DA:1249,0
FN:1249,SafeCast.toInt184
FNDA:0,SafeCast.toInt184
DA:1250,0
DA:1251,0
BRDA:1251,40,0,-
DA:1252,0
DA:1267,0
FN:1267,SafeCast.toInt176
FNDA:0,SafeCast.toInt176
DA:1268,0
DA:1269,0
BRDA:1269,41,0,-
DA:1270,0
DA:1285,0
FN:1285,SafeCast.toInt168
FNDA:0,SafeCast.toInt168
DA:1286,0
DA:1287,0
BRDA:1287,42,0,-
DA:1288,0
DA:1303,0
FN:1303,SafeCast.toInt160
FNDA:0,SafeCast.toInt160
DA:1304,0
DA:1305,0
BRDA:1305,43,0,-
DA:1306,0
DA:1321,0
FN:1321,SafeCast.toInt152
FNDA:0,SafeCast.toInt152
DA:1322,0
DA:1323,0
BRDA:1323,44,0,-
DA:1324,0
DA:1339,0
FN:1339,SafeCast.toInt144
FNDA:0,SafeCast.toInt144
DA:1340,0
DA:1341,0
BRDA:1341,45,0,-
DA:1342,0
DA:1357,0
FN:1357,SafeCast.toInt136
FNDA:0,SafeCast.toInt136
DA:1358,0
DA:1359,0
BRDA:1359,46,0,-
DA:1360,0
DA:1375,0
FN:1375,SafeCast.toInt128
FNDA:0,SafeCast.toInt128
DA:1376,0
DA:1377,0
BRDA:1377,47,0,-
DA:1378,0
DA:1393,0
FN:1393,SafeCast.toInt120
FNDA:0,SafeCast.toInt120
DA:1394,0
DA:1395,0
BRDA:1395,48,0,-
DA:1396,0
DA:1411,0
FN:1411,SafeCast.toInt112
FNDA:0,SafeCast.toInt112
DA:1412,0
DA:1413,0
BRDA:1413,49,0,-
DA:1414,0
DA:1429,0
FN:1429,SafeCast.toInt104
FNDA:0,SafeCast.toInt104
DA:1430,0
DA:1431,0
BRDA:1431,50,0,-
DA:1432,0
DA:1447,0
FN:1447,SafeCast.toInt96
FNDA:0,SafeCast.toInt96
DA:1448,0
DA:1449,0
BRDA:1449,51,0,-
DA:1450,0
DA:1465,0
FN:1465,SafeCast.toInt88
FNDA:0,SafeCast.toInt88
DA:1466,0
DA:1467,0
BRDA:1467,52,0,-
DA:1468,0
DA:1483,0
FN:1483,SafeCast.toInt80
FNDA:0,SafeCast.toInt80
DA:1484,0
DA:1485,0
BRDA:1485,53,0,-
DA:1486,0
DA:1501,0
FN:1501,SafeCast.toInt72
FNDA:0,SafeCast.toInt72
DA:1502,0
DA:1503,0
BRDA:1503,54,0,-
DA:1504,0
DA:1519,0
FN:1519,SafeCast.toInt64
FNDA:0,SafeCast.toInt64
DA:1520,0
DA:1521,0
BRDA:1521,55,0,-
DA:1522,0
DA:1537,0
FN:1537,SafeCast.toInt56
FNDA:0,SafeCast.toInt56
DA:1538,0
DA:1539,0
BRDA:1539,56,0,-
DA:1540,0
DA:1555,0
FN:1555,SafeCast.toInt48
FNDA:0,SafeCast.toInt48
DA:1556,0
DA:1557,0
BRDA:1557,57,0,-
DA:1558,0
DA:1573,0
FN:1573,SafeCast.toInt40
FNDA:0,SafeCast.toInt40
DA:1574,0
DA:1575,0
BRDA:1575,58,0,-
DA:1576,0
DA:1591,0
FN:1591,SafeCast.toInt32
FNDA:0,SafeCast.toInt32
DA:1592,0
DA:1593,0
BRDA:1593,59,0,-
DA:1594,0
DA:1609,0
FN:1609,SafeCast.toInt24
FNDA:0,SafeCast.toInt24
DA:1610,0
DA:1611,0
BRDA:1611,60,0,-
DA:1612,0
DA:1627,0
FN:1627,SafeCast.toInt16
FNDA:0,SafeCast.toInt16
DA:1628,0
DA:1629,0
BRDA:1629,61,0,-
DA:1630,0
DA:1645,0
FN:1645,SafeCast.toInt8
FNDA:0,SafeCast.toInt8
DA:1646,0
DA:1647,0
BRDA:1647,62,0,-
DA:1648,0
DA:1659,0
FN:1659,SafeCast.toInt256
FNDA:0,SafeCast.toInt256
DA:1661,0
BRDA:1661,63,0,-
DA:1662,0
DA:1664,0
DA:1670,0
FN:1670,SafeCast.toUint
FNDA:0,SafeCast.toUint
DA:1672,0
DA:1739,0
FN:1739,SafeERC20.safeBalanceOf
FNDA:0,SafeERC20.safeBalanceOf
DA:1743,0
DA:1745,0
DA:1746,0
DA:1747,0
DA:1748,0
DA:1750,0
BRDA:1750,64,0,-
DA:1751,0
DA:1752,0
DA:1753,0
DA:1770,0
FN:1770,SafeERC20.safeTransferFromUniversal
FNDA:0,SafeERC20.safeTransferFromUniversal
DA:1777,0
BRDA:1777,65,0,-
BRDA:1777,65,1,-
DA:1778,0
DA:1780,0
DA:1794,1
FN:1794,SafeERC20.safeTransferFrom
FNDA:1,SafeERC20.safeTransferFrom
DA:1800,1
DA:1801,1
DA:1803,1
DA:1805,1
DA:1806,1
DA:1807,1
DA:1808,1
DA:1809,1
DA:1810,1
BRDA:1810,66,0,0
DA:1811,1
DA:1812,1
DA:1813,1
DA:1815,0
DA:1816,0
DA:1820,1
BRDA:1820,67,0,1
DA:1833,0
FN:1833,SafeERC20.safeTransferFromPermit2
FNDA:0,SafeERC20.safeTransferFromPermit2
DA:1839,0
BRDA:1839,68,0,-
DA:1840,0
DA:1841,0
DA:1842,0
DA:1844,0
DA:1846,0
DA:1847,0
DA:1848,0
DA:1849,0
DA:1850,0
DA:1851,0
DA:1852,0
BRDA:1852,69,0,-
DA:1853,0
DA:1856,0
BRDA:1856,70,0,-
DA:1868,0
FN:1868,SafeERC20.safeTransfer
FNDA:0,SafeERC20.safeTransfer
DA:1873,0
BRDA:1873,71,0,-
DA:1874,0
DA:1887,0
FN:1887,SafeERC20.forceApprove
FNDA:0,SafeERC20.forceApprove
DA:1892,0
BRDA:1892,72,0,-
DA:1894,0
DA:1895,0
DA:1896,0
BRDA:1896,73,0,-
DA:1897,0
DA:1912,0
FN:1912,SafeERC20.safeIncreaseAllowance
FNDA:0,SafeERC20.safeIncreaseAllowance
DA:1917,0
DA:1918,0
BRDA:1918,74,0,-
DA:1919,0
DA:1932,0
FN:1932,SafeERC20.safeDecreaseAllowance
FNDA:0,SafeERC20.safeDecreaseAllowance
DA:1937,0
DA:1938,0
BRDA:1938,75,0,-
DA:1939,0
DA:1949,0
FN:1949,SafeERC20.safePermit.0
FNDA:0,SafeERC20.safePermit.0
DA:1950,0
BRDA:1950,76,0,-
DA:1964,0
FN:1964,SafeERC20.safePermit.1
FNDA:0,SafeERC20.safePermit.1
DA:1965,0
BRDA:1965,77,0,-
DA:1975,0
FN:1975,SafeERC20.tryPermit.0
FNDA:0,SafeERC20.tryPermit.0
DA:1976,0
DA:1996,0
FN:1996,SafeERC20.tryPermit.1
FNDA:0,SafeERC20.tryPermit.1
DA:1997,0
DA:1999,0
DA:2000,0
DA:2001,0
DA:2002,0
DA:2004,0
DA:2009,0
DA:2010,0
DA:2011,0
DA:2012,0
DA:2016,0
DA:2017,0
DA:2019,0
DA:2020,0
DA:2021,0
DA:2022,0
DA:2023,0
DA:2026,0
DA:2029,0
DA:2030,0
DA:2031,0
DA:2032,0
DA:2036,0
DA:2037,0
DA:2039,0
DA:2040,0
DA:2041,0
DA:2042,0
DA:2043,0
DA:2044,0
DA:2047,0
DA:2050,0
DA:2051,0
DA:2052,0
DA:2054,0
DA:2057,0
DA:2058,0
DA:2059,0
DA:2061,0
DA:2064,0
DA:2066,0
DA:2067,0
DA:2068,0
DA:2070,0
DA:2072,0
DA:2073,0
DA:2074,0
DA:2076,0
DA:2077,0
DA:2078,0
DA:2079,0
DA:2080,0
DA:2082,0
DA:2085,0
DA:2086,0
DA:2087,0
DA:2089,0
DA:2092,0
DA:2093,0
DA:2094,0
DA:2096,0
DA:2111,0
FN:2111,SafeERC20._makeCall
FNDA:0,SafeERC20._makeCall
DA:2118,0
DA:2120,0
DA:2121,0
DA:2122,0
DA:2123,0
DA:2124,0
BRDA:2124,78,0,-
DA:2125,0
DA:2126,0
DA:2127,0
DA:2129,0
DA:2130,0
DA:2141,0
FN:2141,SafeERC20.safeDeposit
FNDA:0,SafeERC20.safeDeposit
DA:2142,0
DA:2144,0
DA:2145,0
BRDA:2145,79,0,-
DA:2146,0
DA:2147,0
DA:2148,0
DA:2159,0
FN:2159,SafeERC20.safeWithdraw
FNDA:0,SafeERC20.safeWithdraw
DA:2160,0
DA:2162,0
DA:2163,0
DA:2164,0
BRDA:2164,80,0,-
DA:2165,0
DA:2166,0
DA:2167,0
DA:2179,0
FN:2179,SafeERC20.safeWithdrawTo
FNDA:0,SafeERC20.safeWithdrawTo
DA:2180,0
DA:2181,0
BRDA:2181,81,0,-
DA:2183,0
BRDA:2183,82,0,-
DA:2184,0
DA:2185,0
DA:2186,0
DA:2192,0
FN:2192,SafeERC20._getPermit2Address
FNDA:0,SafeERC20._getPermit2Address
DA:2194,0
DA:2195,0
DA:2196,0
DA:2198,0
DA:2199,0
DA:2201,0
DA:2202,0
DA:2204,0
DA:2205,0
DA:2229,1
FN:2229,Aqua.rawBalances
FNDA:1,Aqua.rawBalances
DA:2230,1
DA:2233,1
FN:2233,Aqua.safeBalances
FNDA:1,Aqua.safeBalances
DA:2234,1
DA:2235,1
BRDA:2235,83,0,1
BRDA:2235,83,1,0
DA:2236,0
DA:2238,0
DA:2239,0
BRDA:2239,84,0,-
BRDA:2239,84,1,-
DA:2240,0
DA:2243,0
FN:2243,Aqua.ship
FNDA:0,Aqua.ship
DA:2244,0
DA:2245,0
DA:2246,0
BRDA:2246,85,0,-
BRDA:2246,85,1,-
DA:2248,0
DA:2249,0
DA:2250,0
DA:2251,0
BRDA:2251,86,0,-
BRDA:2251,86,1,-
DA:2252,0
DA:2253,0
DA:2257,0
FN:2257,Aqua.dock
FNDA:0,Aqua.dock
DA:2258,0
DA:2259,0
DA:2260,0
BRDA:2260,87,0,-
BRDA:2260,87,1,-
DA:2261,0
DA:2263,0
DA:2266,2
FN:2266,Aqua.pull
FNDA:2,Aqua.pull
DA:2267,2
DA:2268,2
DA:2269,2
DA:2271,1
DA:2272,0
DA:2275,1
FN:2275,Aqua.push
FNDA:1,Aqua.push
DA:2276,1
DA:2277,1
DA:2278,1
BRDA:2278,88,0,1
BRDA:2278,88,1,0
DA:2279,0
DA:2281,0
DA:2282,0
FNF:92
FNH:8
LF:487
LH:39
BRF:96
BRH:4
end_of_record
