TN:
SF:src/cross-chain-swap__EscrowSrc.flat.sol
DA:20,100
FN:20,AddressLib.get.0
FNDA:100,AddressLib.get.0
DA:21,100
DA:30,0
FN:30,AddressLib.getFlag
FNDA:0,AddressLib.getFlag
DA:31,0
DA:40,0
FN:40,AddressLib.getUint32
FNDA:0,AddressLib.getUint32
DA:41,0
DA:50,0
FN:50,AddressLib.getUint64
FNDA:0,AddressLib.getUint64
DA:51,0
DA:406,84
FN:406,ProxyHashLib.computeProxyBytecodeHash
FNDA:84,ProxyHashLib.computeProxyBytecodeHash
DA:409,0
DA:411,0
DA:413,0
DA:414,0
DA:430,0
FN:430,RevertReasonForwarder.reRevert
FNDA:0,RevertReasonForwarder.reRevert
DA:433,0
DA:434,0
DA:435,0
DA:444,0
FN:444,RevertReasonForwarder.reReason
FNDA:0,RevertReasonForwarder.reReason
DA:446,0
DA:447,0
DA:448,0
DA:449,0
DA:450,0
DA:506,0
FN:506,TimelocksLib.setDeployedAt
FNDA:0,TimelocksLib.setDeployedAt
DA:507,0
DA:515,0
FN:515,TimelocksLib.rescueStart
FNDA:0,TimelocksLib.rescueStart
DA:517,0
DA:527,48
FN:527,TimelocksLib.get.1
FNDA:48,TimelocksLib.get.1
DA:528,48
DA:529,48
DA:531,48
DA:568,0
FN:568,Create2.deploy
FNDA:0,Create2.deploy
DA:569,0
BRDA:569,0,0,-
DA:570,0
DA:572,0
BRDA:572,1,0,-
DA:573,0
DA:576,0
DA:578,0
BRDA:578,2,0,-
DA:579,0
DA:580,0
DA:581,0
DA:584,0
BRDA:584,3,0,-
DA:585,0
DA:593,0
FN:593,Create2.computeAddress.0
FNDA:0,Create2.computeAddress.0
DA:594,0
DA:601,33
FN:601,Create2.computeAddress.1
FNDA:33,Create2.computeAddress.1
DA:603,0
DA:615,0
DA:616,0
DA:617,0
DA:618,0
DA:619,0
DA:620,0
DA:761,0
FN:761,ImmutablesLib.protocolFeeAmount
FNDA:0,ImmutablesLib.protocolFeeAmount
DA:762,0
DA:763,0
BRDA:763,4,0,-
DA:765,0
DA:774,0
FN:774,ImmutablesLib.integratorFeeAmount
FNDA:0,ImmutablesLib.integratorFeeAmount
DA:775,0
DA:776,0
BRDA:776,5,0,-
DA:778,0
DA:787,0
FN:787,ImmutablesLib.protocolFeeRecipient
FNDA:0,ImmutablesLib.protocolFeeRecipient
DA:788,0
DA:789,0
BRDA:789,6,0,-
DA:791,0
DA:800,0
FN:800,ImmutablesLib.integratorFeeRecipient
FNDA:0,ImmutablesLib.integratorFeeRecipient
DA:801,0
DA:802,0
BRDA:802,7,0,-
DA:804,0
DA:813,0
FN:813,ImmutablesLib.protocolFeeAmountCd
FNDA:0,ImmutablesLib.protocolFeeAmountCd
DA:814,0
DA:815,0
BRDA:815,8,0,-
DA:817,0
DA:826,0
FN:826,ImmutablesLib.integratorFeeAmountCd
FNDA:0,ImmutablesLib.integratorFeeAmountCd
DA:827,0
DA:828,0
BRDA:828,9,0,-
DA:830,0
DA:839,0
FN:839,ImmutablesLib.protocolFeeRecipientCd
FNDA:0,ImmutablesLib.protocolFeeRecipientCd
DA:840,0
DA:841,0
BRDA:841,10,0,-
DA:843,0
DA:852,0
FN:852,ImmutablesLib.integratorFeeRecipientCd
FNDA:0,ImmutablesLib.integratorFeeRecipientCd
DA:853,0
DA:854,0
BRDA:854,11,0,-
DA:856,0
DA:865,33
FN:865,ImmutablesLib.hash
FNDA:33,ImmutablesLib.hash
DA:867,33
DA:869,0
DA:872,0
DA:873,0
DA:876,0
DA:877,0
DA:878,0
DA:887,0
FN:887,ImmutablesLib.hashMem
FNDA:0,ImmutablesLib.hashMem
DA:890,0
DA:892,0
DA:893,0
DA:894,0
DA:897,0
DA:898,0
DA:900,0
DA:973,0
FN:973,SafeERC20.safeBalanceOf
FNDA:0,SafeERC20.safeBalanceOf
DA:977,0
DA:979,0
DA:980,0
DA:981,0
DA:982,0
DA:984,0
BRDA:984,12,0,-
DA:985,0
DA:986,0
DA:987,0
DA:1004,0
FN:1004,SafeERC20.safeTransferFromUniversal
FNDA:0,SafeERC20.safeTransferFromUniversal
DA:1011,0
BRDA:1011,13,0,-
BRDA:1011,13,1,-
DA:1012,0
DA:1014,0
DA:1028,0
FN:1028,SafeERC20.safeTransferFrom
FNDA:0,SafeERC20.safeTransferFrom
DA:1034,0
DA:1035,0
DA:1037,0
DA:1039,0
DA:1040,0
DA:1041,0
DA:1042,0
DA:1043,0
DA:1044,0
BRDA:1044,14,0,-
DA:1045,0
DA:1046,0
DA:1047,0
DA:1049,0
DA:1050,0
DA:1054,0
BRDA:1054,15,0,-
DA:1067,0
FN:1067,SafeERC20.safeTransferFromPermit2
FNDA:0,SafeERC20.safeTransferFromPermit2
DA:1073,0
BRDA:1073,16,0,-
DA:1074,0
DA:1075,0
DA:1076,0
DA:1078,0
DA:1080,0
DA:1081,0
DA:1082,0
DA:1083,0
DA:1084,0
DA:1085,0
DA:1086,0
BRDA:1086,17,0,-
DA:1087,0
DA:1090,0
BRDA:1090,18,0,-
DA:1102,0
FN:1102,SafeERC20.safeTransfer
FNDA:0,SafeERC20.safeTransfer
DA:1107,0
BRDA:1107,19,0,-
DA:1108,0
DA:1121,0
FN:1121,SafeERC20.forceApprove
FNDA:0,SafeERC20.forceApprove
DA:1126,0
BRDA:1126,20,0,-
DA:1128,0
DA:1129,0
DA:1130,0
BRDA:1130,21,0,-
DA:1131,0
DA:1146,0
FN:1146,SafeERC20.safeIncreaseAllowance
FNDA:0,SafeERC20.safeIncreaseAllowance
DA:1151,0
DA:1152,0
BRDA:1152,22,0,-
DA:1153,0
DA:1166,0
FN:1166,SafeERC20.safeDecreaseAllowance
FNDA:0,SafeERC20.safeDecreaseAllowance
DA:1171,0
DA:1172,0
BRDA:1172,23,0,-
DA:1173,0
DA:1183,0
FN:1183,SafeERC20.safePermit.0
FNDA:0,SafeERC20.safePermit.0
DA:1184,0
BRDA:1184,24,0,-
DA:1198,0
FN:1198,SafeERC20.safePermit.1
FNDA:0,SafeERC20.safePermit.1
DA:1199,0
BRDA:1199,25,0,-
DA:1209,0
FN:1209,SafeERC20.tryPermit.0
FNDA:0,SafeERC20.tryPermit.0
DA:1210,0
DA:1230,0
FN:1230,SafeERC20.tryPermit.1
FNDA:0,SafeERC20.tryPermit.1
DA:1231,0
DA:1233,0
DA:1234,0
DA:1235,0
DA:1236,0
DA:1238,0
DA:1243,0
DA:1244,0
DA:1245,0
DA:1246,0
DA:1250,0
DA:1251,0
DA:1253,0
DA:1254,0
DA:1255,0
DA:1256,0
DA:1257,0
DA:1260,0
DA:1263,0
DA:1264,0
DA:1265,0
DA:1266,0
DA:1270,0
DA:1271,0
DA:1273,0
DA:1274,0
DA:1275,0
DA:1276,0
DA:1277,0
DA:1278,0
DA:1281,0
DA:1284,0
DA:1285,0
DA:1286,0
DA:1288,0
DA:1291,0
DA:1292,0
DA:1293,0
DA:1295,0
DA:1298,0
DA:1300,0
DA:1301,0
DA:1302,0
DA:1304,0
DA:1306,0
DA:1307,0
DA:1308,0
DA:1310,0
DA:1311,0
DA:1312,0
DA:1313,0
DA:1314,0
DA:1316,0
DA:1319,0
DA:1320,0
DA:1321,0
DA:1323,0
DA:1326,0
DA:1327,0
DA:1328,0
DA:1330,0
DA:1345,0
FN:1345,SafeERC20._makeCall
FNDA:0,SafeERC20._makeCall
DA:1352,0
DA:1354,0
DA:1355,0
DA:1356,0
DA:1357,0
DA:1358,0
BRDA:1358,26,0,-
DA:1359,0
DA:1360,0
DA:1361,0
DA:1363,0
DA:1364,0
DA:1375,0
FN:1375,SafeERC20.safeDeposit
FNDA:0,SafeERC20.safeDeposit
DA:1376,0
DA:1378,0
DA:1379,0
BRDA:1379,27,0,-
DA:1380,0
DA:1381,0
DA:1382,0
DA:1393,0
FN:1393,SafeERC20.safeWithdraw
FNDA:0,SafeERC20.safeWithdraw
DA:1394,0
DA:1396,0
DA:1397,0
DA:1398,0
BRDA:1398,28,0,-
DA:1399,0
DA:1400,0
DA:1401,0
DA:1413,0
FN:1413,SafeERC20.safeWithdrawTo
FNDA:0,SafeERC20.safeWithdrawTo
DA:1414,0
DA:1415,0
BRDA:1415,29,0,-
DA:1417,0
BRDA:1417,30,0,-
DA:1418,0
DA:1419,0
DA:1420,0
DA:1426,0
FN:1426,SafeERC20._getPermit2Address
FNDA:0,SafeERC20._getPermit2Address
DA:1428,0
DA:1429,0
DA:1430,0
DA:1432,0
DA:1433,0
DA:1435,0
DA:1436,0
DA:1438,0
DA:1439,0
DA:1466,84
FN:1466,BaseEscrow.constructor
FNDA:84,BaseEscrow.constructor
DA:1467,84
DA:1468,84
DA:1471,14
FN:1471,BaseEscrow.onlyCaller
FNDA:14,BaseEscrow.onlyCaller
DA:1472,14
BRDA:1472,31,0,8
DA:1476,10
FN:1476,BaseEscrow.onlyValidImmutables
FNDA:10,BaseEscrow.onlyValidImmutables
DA:1477,10
DA:1481,0
FN:1481,BaseEscrow.onlyValidSecret
FNDA:0,BaseEscrow.onlyValidSecret
DA:1482,0
BRDA:1482,32,0,-
DA:1486,0
FN:1486,BaseEscrow.onlyAfter
FNDA:0,BaseEscrow.onlyAfter
DA:1487,0
BRDA:1487,33,0,-
DA:1491,0
FN:1491,BaseEscrow.onlyBefore
FNDA:0,BaseEscrow.onlyBefore
DA:1492,0
BRDA:1492,34,0,-
DA:1496,72
FN:1496,BaseEscrow.onlyAccessTokenHolder
FNDA:72,BaseEscrow.onlyAccessTokenHolder
DA:1497,72
BRDA:1497,35,0,72
DA:1504,26
FN:1504,BaseEscrow.rescueFunds
FNDA:26,BaseEscrow.rescueFunds
DA:1506,26
DA:1507,10
DA:1508,0
DA:1510,0
DA:1511,0
DA:1517,0
FN:1517,BaseEscrow._uniTransfer
FNDA:0,BaseEscrow._uniTransfer
DA:1518,0
BRDA:1518,36,0,-
BRDA:1518,36,1,-
DA:1519,0
DA:1521,0
DA:1528,0
FN:1528,BaseEscrow._ethTransfer
FNDA:0,BaseEscrow._ethTransfer
DA:1529,0
DA:1530,0
BRDA:1530,37,0,-
DA:1543,0
FN:1543,BaseEscrow._keccakBytes32
FNDA:0,BaseEscrow._keccakBytes32
DA:1545,0
DA:1546,0
DA:1565,33
FN:1565,Escrow._validateImmutables
FNDA:33,Escrow._validateImmutables
DA:1566,33
BRDA:1566,38,0,33
DA:1567,33
DA:1596,30
FN:1596,EscrowSrc.withdraw
FNDA:30,EscrowSrc.withdraw
DA:1598,30
DA:1599,11
DA:1600,10
DA:1602,9
DA:1611,30
FN:1611,EscrowSrc.withdrawTo
FNDA:30,EscrowSrc.withdrawTo
DA:1613,30
DA:1614,11
DA:1615,10
DA:1617,9
DA:1626,0
FN:1626,EscrowSrc.publicWithdraw
FNDA:0,EscrowSrc.publicWithdraw
DA:1629,0
DA:1630,0
DA:1632,0
DA:1641,14
FN:1641,EscrowSrc.cancel
FNDA:14,EscrowSrc.cancel
DA:1643,14
DA:1644,6
DA:1646,5
DA:1655,0
FN:1655,EscrowSrc.publicCancel
FNDA:0,EscrowSrc.publicCancel
DA:1658,0
DA:1660,0
DA:1669,18
FN:1669,EscrowSrc._withdrawTo
FNDA:18,EscrowSrc._withdrawTo
DA:1671,18
DA:1674,0
DA:1675,0
DA:1676,0
DA:1683,5
FN:1683,EscrowSrc._cancel
FNDA:5,EscrowSrc._cancel
DA:1685,5
DA:1687,0
DA:1688,0
DA:1689,0
FNF:59
FNH:16
LF:340
LH:43
BRF:41
BRH:3
end_of_record
TN:
SF:test/EscrowSrcCovTest_BaseEscrow_rescueFunds.t.sol
DA:19,0
FN:19,ESBMCMock_IERC20.transfer
FNDA:0,ESBMCMock_IERC20.transfer
DA:20,0
FN:20,ESBMCMock_IERC20.allowance
FNDA:0,ESBMCMock_IERC20.allowance
DA:21,0
FN:21,ESBMCMock_IERC20.totalSupply
FNDA:0,ESBMCMock_IERC20.totalSupply
DA:22,0
FN:22,ESBMCMock_IERC20.balanceOf
FNDA:0,ESBMCMock_IERC20.balanceOf
DA:23,0
FN:23,ESBMCMock_IERC20.approve
FNDA:0,ESBMCMock_IERC20.approve
DA:24,0
FN:24,ESBMCMock_IERC20.transferFrom
FNDA:0,ESBMCMock_IERC20.transferFrom
FNF:6
FNH:0
LF:6
LH:0
BRF:0
BRH:0
end_of_record
TN:
SF:test/EscrowSrcCovTest_EscrowSrc_cancel.t.sol
DA:19,0
FN:19,ESBMCMock_IERC20.transfer
FNDA:0,ESBMCMock_IERC20.transfer
DA:20,0
FN:20,ESBMCMock_IERC20.allowance
FNDA:0,ESBMCMock_IERC20.allowance
DA:21,0
FN:21,ESBMCMock_IERC20.totalSupply
FNDA:0,ESBMCMock_IERC20.totalSupply
DA:22,0
FN:22,ESBMCMock_IERC20.balanceOf
FNDA:0,ESBMCMock_IERC20.balanceOf
DA:23,0
FN:23,ESBMCMock_IERC20.approve
FNDA:0,ESBMCMock_IERC20.approve
DA:24,0
FN:24,ESBMCMock_IERC20.transferFrom
FNDA:0,ESBMCMock_IERC20.transferFrom
FNF:6
FNH:0
LF:6
LH:0
BRF:0
BRH:0
end_of_record
TN:
SF:test/EscrowSrcCovTest_EscrowSrc_publicCancel.t.sol
DA:19,0
FN:19,ESBMCMock_IERC20.transfer
FNDA:0,ESBMCMock_IERC20.transfer
DA:20,0
FN:20,ESBMCMock_IERC20.allowance
FNDA:0,ESBMCMock_IERC20.allowance
DA:21,0
FN:21,ESBMCMock_IERC20.totalSupply
FNDA:0,ESBMCMock_IERC20.totalSupply
DA:22,72
FN:22,ESBMCMock_IERC20.balanceOf
FNDA:72,ESBMCMock_IERC20.balanceOf
DA:23,0
FN:23,ESBMCMock_IERC20.approve
FNDA:0,ESBMCMock_IERC20.approve
DA:24,0
FN:24,ESBMCMock_IERC20.transferFrom
FNDA:0,ESBMCMock_IERC20.transferFrom
FNF:6
FNH:1
LF:6
LH:1
BRF:0
BRH:0
end_of_record
TN:
SF:test/EscrowSrcCovTest_EscrowSrc_publicWithdraw.t.sol
DA:19,0
FN:19,ESBMCMock_IERC20.transfer
FNDA:0,ESBMCMock_IERC20.transfer
DA:20,0
FN:20,ESBMCMock_IERC20.allowance
FNDA:0,ESBMCMock_IERC20.allowance
DA:21,0
FN:21,ESBMCMock_IERC20.totalSupply
FNDA:0,ESBMCMock_IERC20.totalSupply
DA:22,81
FN:22,ESBMCMock_IERC20.balanceOf
FNDA:81,ESBMCMock_IERC20.balanceOf
DA:23,0
FN:23,ESBMCMock_IERC20.approve
FNDA:0,ESBMCMock_IERC20.approve
DA:24,0
FN:24,ESBMCMock_IERC20.transferFrom
FNDA:0,ESBMCMock_IERC20.transferFrom
FNF:6
FNH:1
LF:6
LH:1
BRF:0
BRH:0
end_of_record
TN:
SF:test/EscrowSrcCovTest_EscrowSrc_withdraw.t.sol
DA:19,0
FN:19,ESBMCMock_IERC20.transfer
FNDA:0,ESBMCMock_IERC20.transfer
DA:20,0
FN:20,ESBMCMock_IERC20.allowance
FNDA:0,ESBMCMock_IERC20.allowance
DA:21,0
FN:21,ESBMCMock_IERC20.totalSupply
FNDA:0,ESBMCMock_IERC20.totalSupply
DA:22,0
FN:22,ESBMCMock_IERC20.balanceOf
FNDA:0,ESBMCMock_IERC20.balanceOf
DA:23,0
FN:23,ESBMCMock_IERC20.approve
FNDA:0,ESBMCMock_IERC20.approve
DA:24,0
FN:24,ESBMCMock_IERC20.transferFrom
FNDA:0,ESBMCMock_IERC20.transferFrom
FNF:6
FNH:0
LF:6
LH:0
BRF:0
BRH:0
end_of_record
TN:
SF:test/EscrowSrcCovTest_EscrowSrc_withdrawTo.t.sol
DA:19,0
FN:19,ESBMCMock_IERC20.transfer
FNDA:0,ESBMCMock_IERC20.transfer
DA:20,0
FN:20,ESBMCMock_IERC20.allowance
FNDA:0,ESBMCMock_IERC20.allowance
DA:21,0
FN:21,ESBMCMock_IERC20.totalSupply
FNDA:0,ESBMCMock_IERC20.totalSupply
DA:22,0
FN:22,ESBMCMock_IERC20.balanceOf
FNDA:0,ESBMCMock_IERC20.balanceOf
DA:23,0
FN:23,ESBMCMock_IERC20.approve
FNDA:0,ESBMCMock_IERC20.approve
DA:24,0
FN:24,ESBMCMock_IERC20.transferFrom
FNDA:0,ESBMCMock_IERC20.transferFrom
FNF:6
FNH:0
LF:6
LH:0
BRF:0
BRH:0
end_of_record
