TN:
SF:src/farming__FarmingPool.flat.sol
DA:288,0
FN:288,RevertReasonForwarder.reRevert
FNDA:0,RevertReasonForwarder.reRevert
DA:291,0
DA:292,0
DA:293,0
DA:302,0
FN:302,RevertReasonForwarder.reReason
FNDA:0,RevertReasonForwarder.reReason
DA:304,0
DA:305,0
DA:306,0
DA:307,0
DA:308,0
DA:451,0
FN:451,SafeERC20.safeBalanceOf
FNDA:0,SafeERC20.safeBalanceOf
DA:455,0
DA:457,0
DA:458,0
DA:459,0
DA:460,0
DA:462,0
BRDA:462,0,0,-
DA:463,0
DA:464,0
DA:465,0
DA:482,0
FN:482,SafeERC20.safeTransferFromUniversal
FNDA:0,SafeERC20.safeTransferFromUniversal
DA:489,0
BRDA:489,1,0,-
BRDA:489,1,1,-
DA:490,0
DA:492,0
DA:506,1
FN:506,SafeERC20.safeTransferFrom
FNDA:1,SafeERC20.safeTransferFrom
DA:512,1
DA:513,1
DA:515,0
DA:517,0
DA:518,0
DA:519,0
DA:520,0
DA:521,0
DA:522,0
BRDA:522,2,0,-
DA:523,0
DA:524,0
DA:525,0
DA:527,0
DA:528,0
DA:532,1
BRDA:532,3,0,1
DA:545,0
FN:545,SafeERC20.safeTransferFromPermit2
FNDA:0,SafeERC20.safeTransferFromPermit2
DA:551,0
BRDA:551,4,0,-
DA:552,0
DA:553,0
DA:554,0
DA:556,0
DA:558,0
DA:559,0
DA:560,0
DA:561,0
DA:562,0
DA:563,0
DA:564,0
BRDA:564,5,0,-
DA:565,0
DA:568,0
BRDA:568,6,0,-
DA:580,1
FN:580,SafeERC20.safeTransfer
FNDA:1,SafeERC20.safeTransfer
DA:585,1
BRDA:585,7,0,1
DA:586,1
DA:599,0
FN:599,SafeERC20.forceApprove
FNDA:0,SafeERC20.forceApprove
DA:604,0
BRDA:604,8,0,-
DA:606,0
DA:607,0
DA:608,0
BRDA:608,9,0,-
DA:609,0
DA:624,0
FN:624,SafeERC20.safeIncreaseAllowance
FNDA:0,SafeERC20.safeIncreaseAllowance
DA:629,0
DA:630,0
BRDA:630,10,0,-
DA:631,0
DA:644,0
FN:644,SafeERC20.safeDecreaseAllowance
FNDA:0,SafeERC20.safeDecreaseAllowance
DA:649,0
DA:650,0
BRDA:650,11,0,-
DA:651,0
DA:661,0
FN:661,SafeERC20.safePermit.0
FNDA:0,SafeERC20.safePermit.0
DA:662,0
BRDA:662,12,0,-
DA:676,0
FN:676,SafeERC20.safePermit.1
FNDA:0,SafeERC20.safePermit.1
DA:677,0
BRDA:677,13,0,-
DA:687,0
FN:687,SafeERC20.tryPermit.0
FNDA:0,SafeERC20.tryPermit.0
DA:688,0
DA:708,0
FN:708,SafeERC20.tryPermit.1
FNDA:0,SafeERC20.tryPermit.1
DA:709,0
DA:711,0
DA:712,0
DA:713,0
DA:714,0
DA:716,0
DA:721,0
DA:722,0
DA:723,0
DA:724,0
DA:728,0
DA:729,0
DA:731,0
DA:732,0
DA:733,0
DA:734,0
DA:735,0
DA:738,0
DA:741,0
DA:742,0
DA:743,0
DA:744,0
DA:748,0
DA:749,0
DA:751,0
DA:752,0
DA:753,0
DA:754,0
DA:755,0
DA:756,0
DA:759,0
DA:762,0
DA:763,0
DA:764,0
DA:766,0
DA:769,0
DA:770,0
DA:771,0
DA:773,0
DA:776,0
DA:778,0
DA:779,0
DA:780,0
DA:782,0
DA:784,0
DA:785,0
DA:786,0
DA:788,0
DA:789,0
DA:790,0
DA:791,0
DA:792,0
DA:794,0
DA:797,0
DA:798,0
DA:799,0
DA:801,0
DA:804,0
DA:805,0
DA:806,0
DA:808,0
DA:823,1
FN:823,SafeERC20._makeCall
FNDA:1,SafeERC20._makeCall
DA:830,0
DA:832,0
DA:833,0
DA:834,0
DA:835,0
DA:836,0
BRDA:836,14,0,-
DA:837,0
DA:838,0
DA:839,0
DA:841,0
DA:842,0
DA:853,0
FN:853,SafeERC20.safeDeposit
FNDA:0,SafeERC20.safeDeposit
DA:854,0
DA:856,0
DA:857,0
BRDA:857,15,0,-
DA:858,0
DA:859,0
DA:860,0
DA:871,0
FN:871,SafeERC20.safeWithdraw
FNDA:0,SafeERC20.safeWithdraw
DA:872,0
DA:874,0
DA:875,0
DA:876,0
BRDA:876,16,0,-
DA:877,0
DA:878,0
DA:879,0
DA:891,0
FN:891,SafeERC20.safeWithdrawTo
FNDA:0,SafeERC20.safeWithdrawTo
DA:892,0
DA:893,0
BRDA:893,17,0,-
DA:895,0
BRDA:895,18,0,-
DA:896,0
DA:897,0
DA:898,0
DA:904,0
FN:904,SafeERC20._getPermit2Address
FNDA:0,SafeERC20._getPermit2Address
DA:906,0
DA:907,0
DA:908,0
DA:910,0
DA:911,0
DA:913,0
DA:914,0
DA:916,0
DA:917,0
DA:942,5
FN:942,Context._msgSender
FNDA:5,Context._msgSender
DA:943,5
DA:946,0
FN:946,Context._msgData
FNDA:0,Context._msgData
DA:947,0
DA:950,0
FN:950,Context._contextSuffixLength
FNDA:0,Context._contextSuffixLength
DA:951,0
DA:993,31
FN:993,Ownable.constructor.0
FNDA:31,Ownable.constructor.0
DA:994,31
BRDA:994,19,0,0
DA:995,0
DA:997,31
DA:1003,0
FN:1003,Ownable.onlyOwner
FNDA:0,Ownable.onlyOwner
DA:1004,0
DA:1011,5
FN:1011,Ownable.owner
FNDA:5,Ownable.owner
DA:1012,5
DA:1018,5
FN:1018,Ownable._checkOwner
FNDA:5,Ownable._checkOwner
DA:1019,5
BRDA:1019,20,0,3
DA:1020,3
DA:1031,0
FN:1031,Ownable.renounceOwnership
FNDA:0,Ownable.renounceOwnership
DA:1032,0
DA:1039,0
FN:1039,Ownable.transferOwnership
FNDA:0,Ownable.transferOwnership
DA:1040,0
BRDA:1040,21,0,-
DA:1041,0
DA:1043,0
DA:1050,31
FN:1050,Ownable._transferOwnership
FNDA:31,Ownable._transferOwnership
DA:1051,31
DA:1052,31
DA:1053,31
DA:1294,31
FN:1294,ERC20.constructor.1
FNDA:31,ERC20.constructor.1
DA:1295,31
DA:1296,31
DA:1302,0
FN:1302,ERC20.name
FNDA:0,ERC20.name
DA:1303,0
DA:1310,0
FN:1310,ERC20.symbol
FNDA:0,ERC20.symbol
DA:1311,0
DA:1327,0
FN:1327,ERC20.decimals.0
FNDA:0,ERC20.decimals.0
DA:1328,0
DA:1334,9
FN:1334,ERC20.totalSupply
FNDA:9,ERC20.totalSupply
DA:1335,9
DA:1341,9
FN:1341,ERC20.balanceOf
FNDA:9,ERC20.balanceOf
DA:1342,9
DA:1353,0
FN:1353,ERC20.transfer
FNDA:0,ERC20.transfer
DA:1354,0
DA:1355,0
DA:1356,0
DA:1362,0
FN:1362,ERC20.allowance
FNDA:0,ERC20.allowance
DA:1363,0
DA:1376,0
FN:1376,ERC20.approve
FNDA:0,ERC20.approve
DA:1377,0
DA:1378,0
DA:1379,0
DA:1398,0
FN:1398,ERC20.transferFrom
FNDA:0,ERC20.transferFrom
DA:1399,0
DA:1400,0
DA:1401,0
DA:1402,0
DA:1415,0
FN:1415,ERC20._transfer
FNDA:0,ERC20._transfer
DA:1416,0
BRDA:1416,22,0,-
DA:1417,0
DA:1419,0
BRDA:1419,23,0,-
DA:1420,0
DA:1422,0
DA:1432,3
FN:1432,ERC20._update.0
FNDA:3,ERC20._update.0
DA:1433,3
BRDA:1433,24,0,1
BRDA:1433,24,1,1
DA:1435,1
DA:1437,2
DA:1438,2
BRDA:1438,25,0,1
DA:1439,1
DA:1443,1
DA:1447,1
BRDA:1447,26,0,1
BRDA:1447,26,1,1
DA:1450,1
DA:1455,1
DA:1459,1
DA:1470,2
FN:1470,ERC20._mint
FNDA:2,ERC20._mint
DA:1471,2
BRDA:1471,27,0,1
DA:1472,1
DA:1474,1
DA:1485,4
FN:1485,ERC20._burn
FNDA:4,ERC20._burn
DA:1486,4
BRDA:1486,28,0,2
DA:1487,2
DA:1489,2
DA:1507,0
FN:1507,ERC20._approve.0
FNDA:0,ERC20._approve.0
DA:1508,0
DA:1529,0
FN:1529,ERC20._approve.1
FNDA:0,ERC20._approve.1
DA:1530,0
BRDA:1530,29,0,-
DA:1531,0
DA:1533,0
BRDA:1533,30,0,-
DA:1534,0
DA:1536,0
DA:1537,0
BRDA:1537,31,0,-
DA:1538,0
DA:1550,0
FN:1550,ERC20._spendAllowance
FNDA:0,ERC20._spendAllowance
DA:1551,0
DA:1552,0
BRDA:1552,32,0,-
DA:1553,0
BRDA:1553,33,0,-
DA:1554,0
DA:1557,0
DA:1634,0
FN:1634,Address.sendValue
FNDA:0,Address.sendValue
DA:1635,0
BRDA:1635,34,0,-
DA:1636,0
DA:1639,0
DA:1640,0
BRDA:1640,35,0,-
DA:1641,0
DA:1663,0
FN:1663,Address.functionCall
FNDA:0,Address.functionCall
DA:1664,0
DA:1676,0
FN:1676,Address.functionCallWithValue
FNDA:0,Address.functionCallWithValue
DA:1677,0
BRDA:1677,36,0,-
DA:1678,0
DA:1680,0
DA:1681,0
DA:1688,0
FN:1688,Address.functionStaticCall
FNDA:0,Address.functionStaticCall
DA:1689,0
DA:1690,0
DA:1697,0
FN:1697,Address.functionDelegateCall
FNDA:0,Address.functionDelegateCall
DA:1698,0
DA:1699,0
DA:1707,0
FN:1707,Address.verifyCallResultFromTarget
FNDA:0,Address.verifyCallResultFromTarget
DA:1712,0
BRDA:1712,37,0,-
BRDA:1712,37,1,-
DA:1713,0
DA:1717,0
BRDA:1717,38,0,-
DA:1718,0
DA:1720,0
DA:1728,0
FN:1728,Address.verifyCallResult
FNDA:0,Address.verifyCallResult
DA:1729,0
BRDA:1729,39,0,-
BRDA:1729,39,1,-
DA:1730,0
DA:1732,0
DA:1739,0
FN:1739,Address._revert
FNDA:0,Address._revert
DA:1741,0
BRDA:1741,40,0,-
BRDA:1741,40,1,-
DA:1744,0
DA:1745,0
DA:1748,0
DA:1805,0
FN:1805,SafeCast.toUint248
FNDA:0,SafeCast.toUint248
DA:1806,0
BRDA:1806,41,0,-
DA:1807,0
DA:1809,0
DA:1822,0
FN:1822,SafeCast.toUint240
FNDA:0,SafeCast.toUint240
DA:1823,0
BRDA:1823,42,0,-
DA:1824,0
DA:1826,0
DA:1839,0
FN:1839,SafeCast.toUint232
FNDA:0,SafeCast.toUint232
DA:1840,0
BRDA:1840,43,0,-
DA:1841,0
DA:1843,0
DA:1856,0
FN:1856,SafeCast.toUint224
FNDA:0,SafeCast.toUint224
DA:1857,0
BRDA:1857,44,0,-
DA:1858,0
DA:1860,0
DA:1873,0
FN:1873,SafeCast.toUint216
FNDA:0,SafeCast.toUint216
DA:1874,0
BRDA:1874,45,0,-
DA:1875,0
DA:1877,0
DA:1890,0
FN:1890,SafeCast.toUint208
FNDA:0,SafeCast.toUint208
DA:1891,0
BRDA:1891,46,0,-
DA:1892,0
DA:1894,0
DA:1907,0
FN:1907,SafeCast.toUint200
FNDA:0,SafeCast.toUint200
DA:1908,0
BRDA:1908,47,0,-
DA:1909,0
DA:1911,0
DA:1924,0
FN:1924,SafeCast.toUint192
FNDA:0,SafeCast.toUint192
DA:1925,0
BRDA:1925,48,0,-
DA:1926,0
DA:1928,0
DA:1941,0
FN:1941,SafeCast.toUint184
FNDA:0,SafeCast.toUint184
DA:1942,0
BRDA:1942,49,0,-
DA:1943,0
DA:1945,0
DA:1958,0
FN:1958,SafeCast.toUint176
FNDA:0,SafeCast.toUint176
DA:1959,0
BRDA:1959,50,0,-
DA:1960,0
DA:1962,0
DA:1975,0
FN:1975,SafeCast.toUint168
FNDA:0,SafeCast.toUint168
DA:1976,0
BRDA:1976,51,0,-
DA:1977,0
DA:1979,0
DA:1992,0
FN:1992,SafeCast.toUint160
FNDA:0,SafeCast.toUint160
DA:1993,0
BRDA:1993,52,0,-
DA:1994,0
DA:1996,0
DA:2009,0
FN:2009,SafeCast.toUint152
FNDA:0,SafeCast.toUint152
DA:2010,0
BRDA:2010,53,0,-
DA:2011,0
DA:2013,0
DA:2026,0
FN:2026,SafeCast.toUint144
FNDA:0,SafeCast.toUint144
DA:2027,0
BRDA:2027,54,0,-
DA:2028,0
DA:2030,0
DA:2043,0
FN:2043,SafeCast.toUint136
FNDA:0,SafeCast.toUint136
DA:2044,0
BRDA:2044,55,0,-
DA:2045,0
DA:2047,0
DA:2060,0
FN:2060,SafeCast.toUint128
FNDA:0,SafeCast.toUint128
DA:2061,0
BRDA:2061,56,0,-
DA:2062,0
DA:2064,0
DA:2077,0
FN:2077,SafeCast.toUint120
FNDA:0,SafeCast.toUint120
DA:2078,0
BRDA:2078,57,0,-
DA:2079,0
DA:2081,0
DA:2094,0
FN:2094,SafeCast.toUint112
FNDA:0,SafeCast.toUint112
DA:2095,0
BRDA:2095,58,0,-
DA:2096,0
DA:2098,0
DA:2111,0
FN:2111,SafeCast.toUint104
FNDA:0,SafeCast.toUint104
DA:2112,0
BRDA:2112,59,0,-
DA:2113,0
DA:2115,0
DA:2128,0
FN:2128,SafeCast.toUint96
FNDA:0,SafeCast.toUint96
DA:2129,0
BRDA:2129,60,0,-
DA:2130,0
DA:2132,0
DA:2145,0
FN:2145,SafeCast.toUint88
FNDA:0,SafeCast.toUint88
DA:2146,0
BRDA:2146,61,0,-
DA:2147,0
DA:2149,0
DA:2162,0
FN:2162,SafeCast.toUint80
FNDA:0,SafeCast.toUint80
DA:2163,0
BRDA:2163,62,0,-
DA:2164,0
DA:2166,0
DA:2179,0
FN:2179,SafeCast.toUint72
FNDA:0,SafeCast.toUint72
DA:2180,0
BRDA:2180,63,0,-
DA:2181,0
DA:2183,0
DA:2196,0
FN:2196,SafeCast.toUint64
FNDA:0,SafeCast.toUint64
DA:2197,0
BRDA:2197,64,0,-
DA:2198,0
DA:2200,0
DA:2213,0
FN:2213,SafeCast.toUint56
FNDA:0,SafeCast.toUint56
DA:2214,0
BRDA:2214,65,0,-
DA:2215,0
DA:2217,0
DA:2230,0
FN:2230,SafeCast.toUint48
FNDA:0,SafeCast.toUint48
DA:2231,0
BRDA:2231,66,0,-
DA:2232,0
DA:2234,0
DA:2247,0
FN:2247,SafeCast.toUint40
FNDA:0,SafeCast.toUint40
DA:2248,0
BRDA:2248,67,0,-
DA:2249,0
DA:2251,0
DA:2264,0
FN:2264,SafeCast.toUint32
FNDA:0,SafeCast.toUint32
DA:2265,0
BRDA:2265,68,0,-
DA:2266,0
DA:2268,0
DA:2281,0
FN:2281,SafeCast.toUint24
FNDA:0,SafeCast.toUint24
DA:2282,0
BRDA:2282,69,0,-
DA:2283,0
DA:2285,0
DA:2298,0
FN:2298,SafeCast.toUint16
FNDA:0,SafeCast.toUint16
DA:2299,0
BRDA:2299,70,0,-
DA:2300,0
DA:2302,0
DA:2315,0
FN:2315,SafeCast.toUint8
FNDA:0,SafeCast.toUint8
DA:2316,0
BRDA:2316,71,0,-
DA:2317,0
DA:2319,0
DA:2329,0
FN:2329,SafeCast.toUint256
FNDA:0,SafeCast.toUint256
DA:2330,0
BRDA:2330,72,0,-
DA:2331,0
DA:2333,0
DA:2347,0
FN:2347,SafeCast.toInt248
FNDA:0,SafeCast.toInt248
DA:2348,0
DA:2349,0
BRDA:2349,73,0,-
DA:2350,0
DA:2365,0
FN:2365,SafeCast.toInt240
FNDA:0,SafeCast.toInt240
DA:2366,0
DA:2367,0
BRDA:2367,74,0,-
DA:2368,0
DA:2383,0
FN:2383,SafeCast.toInt232
FNDA:0,SafeCast.toInt232
DA:2384,0
DA:2385,0
BRDA:2385,75,0,-
DA:2386,0
DA:2401,0
FN:2401,SafeCast.toInt224
FNDA:0,SafeCast.toInt224
DA:2402,0
DA:2403,0
BRDA:2403,76,0,-
DA:2404,0
DA:2419,0
FN:2419,SafeCast.toInt216
FNDA:0,SafeCast.toInt216
DA:2420,0
DA:2421,0
BRDA:2421,77,0,-
DA:2422,0
DA:2437,0
FN:2437,SafeCast.toInt208
FNDA:0,SafeCast.toInt208
DA:2438,0
DA:2439,0
BRDA:2439,78,0,-
DA:2440,0
DA:2455,0
FN:2455,SafeCast.toInt200
FNDA:0,SafeCast.toInt200
DA:2456,0
DA:2457,0
BRDA:2457,79,0,-
DA:2458,0
DA:2473,0
FN:2473,SafeCast.toInt192
FNDA:0,SafeCast.toInt192
DA:2474,0
DA:2475,0
BRDA:2475,80,0,-
DA:2476,0
DA:2491,0
FN:2491,SafeCast.toInt184
FNDA:0,SafeCast.toInt184
DA:2492,0
DA:2493,0
BRDA:2493,81,0,-
DA:2494,0
DA:2509,0
FN:2509,SafeCast.toInt176
FNDA:0,SafeCast.toInt176
DA:2510,0
DA:2511,0
BRDA:2511,82,0,-
DA:2512,0
DA:2527,0
FN:2527,SafeCast.toInt168
FNDA:0,SafeCast.toInt168
DA:2528,0
DA:2529,0
BRDA:2529,83,0,-
DA:2530,0
DA:2545,0
FN:2545,SafeCast.toInt160
FNDA:0,SafeCast.toInt160
DA:2546,0
DA:2547,0
BRDA:2547,84,0,-
DA:2548,0
DA:2563,0
FN:2563,SafeCast.toInt152
FNDA:0,SafeCast.toInt152
DA:2564,0
DA:2565,0
BRDA:2565,85,0,-
DA:2566,0
DA:2581,0
FN:2581,SafeCast.toInt144
FNDA:0,SafeCast.toInt144
DA:2582,0
DA:2583,0
BRDA:2583,86,0,-
DA:2584,0
DA:2599,0
FN:2599,SafeCast.toInt136
FNDA:0,SafeCast.toInt136
DA:2600,0
DA:2601,0
BRDA:2601,87,0,-
DA:2602,0
DA:2617,0
FN:2617,SafeCast.toInt128
FNDA:0,SafeCast.toInt128
DA:2618,0
DA:2619,0
BRDA:2619,88,0,-
DA:2620,0
DA:2635,0
FN:2635,SafeCast.toInt120
FNDA:0,SafeCast.toInt120
DA:2636,0
DA:2637,0
BRDA:2637,89,0,-
DA:2638,0
DA:2653,0
FN:2653,SafeCast.toInt112
FNDA:0,SafeCast.toInt112
DA:2654,0
DA:2655,0
BRDA:2655,90,0,-
DA:2656,0
DA:2671,0
FN:2671,SafeCast.toInt104
FNDA:0,SafeCast.toInt104
DA:2672,0
DA:2673,0
BRDA:2673,91,0,-
DA:2674,0
DA:2689,0
FN:2689,SafeCast.toInt96
FNDA:0,SafeCast.toInt96
DA:2690,0
DA:2691,0
BRDA:2691,92,0,-
DA:2692,0
DA:2707,0
FN:2707,SafeCast.toInt88
FNDA:0,SafeCast.toInt88
DA:2708,0
DA:2709,0
BRDA:2709,93,0,-
DA:2710,0
DA:2725,0
FN:2725,SafeCast.toInt80
FNDA:0,SafeCast.toInt80
DA:2726,0
DA:2727,0
BRDA:2727,94,0,-
DA:2728,0
DA:2743,0
FN:2743,SafeCast.toInt72
FNDA:0,SafeCast.toInt72
DA:2744,0
DA:2745,0
BRDA:2745,95,0,-
DA:2746,0
DA:2761,0
FN:2761,SafeCast.toInt64
FNDA:0,SafeCast.toInt64
DA:2762,0
DA:2763,0
BRDA:2763,96,0,-
DA:2764,0
DA:2779,0
FN:2779,SafeCast.toInt56
FNDA:0,SafeCast.toInt56
DA:2780,0
DA:2781,0
BRDA:2781,97,0,-
DA:2782,0
DA:2797,0
FN:2797,SafeCast.toInt48
FNDA:0,SafeCast.toInt48
DA:2798,0
DA:2799,0
BRDA:2799,98,0,-
DA:2800,0
DA:2815,0
FN:2815,SafeCast.toInt40
FNDA:0,SafeCast.toInt40
DA:2816,0
DA:2817,0
BRDA:2817,99,0,-
DA:2818,0
DA:2833,0
FN:2833,SafeCast.toInt32
FNDA:0,SafeCast.toInt32
DA:2834,0
DA:2835,0
BRDA:2835,100,0,-
DA:2836,0
DA:2851,0
FN:2851,SafeCast.toInt24
FNDA:0,SafeCast.toInt24
DA:2852,0
DA:2853,0
BRDA:2853,101,0,-
DA:2854,0
DA:2869,0
FN:2869,SafeCast.toInt16
FNDA:0,SafeCast.toInt16
DA:2870,0
DA:2871,0
BRDA:2871,102,0,-
DA:2872,0
DA:2887,0
FN:2887,SafeCast.toInt8
FNDA:0,SafeCast.toInt8
DA:2888,0
DA:2889,0
BRDA:2889,103,0,-
DA:2890,0
DA:2901,0
FN:2901,SafeCast.toInt256
FNDA:0,SafeCast.toInt256
DA:2903,0
BRDA:2903,104,0,-
DA:2904,0
DA:2906,0
DA:2912,0
FN:2912,SafeCast.toUint
FNDA:0,SafeCast.toUint
DA:2914,0
DA:2971,0
FN:2971,Panic.panic
FNDA:0,Panic.panic
DA:2973,0
DA:2974,0
DA:2975,0
DA:3005,0
FN:3005,Math.add512
FNDA:0,Math.add512
DA:3007,0
DA:3008,0
DA:3017,0
FN:3017,Math.mul512
FNDA:0,Math.mul512
DA:3022,0
DA:3023,0
DA:3024,0
DA:3031,0
FN:3031,Math.tryAdd
FNDA:0,Math.tryAdd
DA:3033,0
DA:3034,0
DA:3035,0
DA:3042,0
FN:3042,Math.trySub
FNDA:0,Math.trySub
DA:3044,0
DA:3045,0
DA:3046,0
DA:3053,0
FN:3053,Math.tryMul
FNDA:0,Math.tryMul
DA:3055,0
DA:3059,0
DA:3062,0
DA:3069,0
FN:3069,Math.tryDiv
FNDA:0,Math.tryDiv
DA:3071,0
DA:3074,0
DA:3082,0
FN:3082,Math.tryMod
FNDA:0,Math.tryMod
DA:3084,0
DA:3087,0
DA:3095,0
FN:3095,Math.saturatingAdd
FNDA:0,Math.saturatingAdd
DA:3096,0
DA:3097,0
DA:3103,0
FN:3103,Math.saturatingSub
FNDA:0,Math.saturatingSub
DA:3104,0
DA:3105,0
DA:3111,0
FN:3111,Math.saturatingMul
FNDA:0,Math.saturatingMul
DA:3112,0
DA:3113,0
DA:3123,0
FN:3123,Math.ternary
FNDA:0,Math.ternary
DA:3128,0
DA:3135,0
FN:3135,Math.max
FNDA:0,Math.max
DA:3136,0
DA:3142,0
FN:3142,Math.min
FNDA:0,Math.min
DA:3143,0
DA:3150,0
FN:3150,Math.average
FNDA:0,Math.average
DA:3152,0
DA:3161,0
FN:3161,Math.ceilDiv
FNDA:0,Math.ceilDiv
DA:3162,0
BRDA:3162,105,0,-
DA:3164,0
DA:3173,0
DA:3184,0
FN:3184,Math.mulDiv.0
FNDA:0,Math.mulDiv.0
DA:3186,0
DA:3189,0
BRDA:3189,106,0,-
DA:3193,0
DA:3197,0
BRDA:3197,107,0,-
DA:3198,0
DA:3206,0
DA:3209,0
DA:3212,0
DA:3213,0
DA:3219,0
DA:3222,0
DA:3225,0
DA:3228,0
DA:3232,0
DA:3237,0
DA:3241,0
DA:3242,0
DA:3243,0
DA:3244,0
DA:3245,0
DA:3246,0
DA:3252,0
DA:3253,0
DA:3260,0
FN:3260,Math.mulDiv.1
FNDA:0,Math.mulDiv.1
DA:3261,0
DA:3267,0
FN:3267,Math.mulShr.0
FNDA:0,Math.mulShr.0
DA:3269,0
DA:3270,0
BRDA:3270,108,0,-
DA:3271,0
DA:3273,0
DA:3280,0
FN:3280,Math.mulShr.1
FNDA:0,Math.mulShr.1
DA:3281,0
DA:3295,0
FN:3295,Math.invMod
FNDA:0,Math.invMod
DA:3297,0
BRDA:3297,109,0,-
DA:3307,0
DA:3308,0
DA:3313,0
DA:3314,0
DA:3316,0
DA:3317,0
DA:3319,0
DA:3328,0
DA:3338,0
BRDA:3338,110,0,-
DA:3339,0
DA:3352,0
FN:3352,Math.invModPrime
FNDA:0,Math.invModPrime
DA:3354,0
DA:3371,0
FN:3371,Math.modExp.0
FNDA:0,Math.modExp.0
DA:3372,0
DA:3373,0
BRDA:3373,111,0,-
DA:3374,0
DA:3376,0
DA:3389,0
FN:3389,Math.tryModExp.0
FNDA:0,Math.tryModExp.0
DA:3390,0
BRDA:3390,112,0,-
DA:3392,0
DA:3401,0
DA:3402,0
DA:3403,0
DA:3404,0
DA:3405,0
DA:3406,0
DA:3410,0
DA:3411,0
DA:3418,0
FN:3418,Math.modExp.1
FNDA:0,Math.modExp.1
DA:3419,0
DA:3420,0
BRDA:3420,113,0,-
DA:3421,0
DA:3423,0
DA:3429,0
FN:3429,Math.tryModExp.1
FNDA:0,Math.tryModExp.1
DA:3434,0
BRDA:3434,114,0,-
DA:3436,0
DA:3439,0
DA:3442,0
DA:3444,0
DA:3447,0
DA:3449,0
DA:3456,0
FN:3456,Math._zeroBytes
FNDA:0,Math._zeroBytes
DA:3457,0
DA:3458,0
BRDA:3458,115,0,-
DA:3459,0
DA:3462,0
DA:3472,0
FN:3472,Math.sqrt.0
FNDA:0,Math.sqrt.0
DA:3475,0
BRDA:3475,116,0,-
DA:3476,0
DA:3491,0
DA:3492,0
DA:3494,0
BRDA:3494,117,0,-
DA:3495,0
DA:3496,0
DA:3498,0
BRDA:3498,118,0,-
DA:3499,0
DA:3500,0
DA:3502,0
BRDA:3502,119,0,-
DA:3503,0
DA:3504,0
DA:3506,0
BRDA:3506,120,0,-
DA:3507,0
DA:3508,0
DA:3510,0
BRDA:3510,121,0,-
DA:3511,0
DA:3512,0
DA:3514,0
BRDA:3514,122,0,-
DA:3515,0
DA:3516,0
DA:3518,0
BRDA:3518,123,0,-
DA:3519,0
DA:3527,0
DA:3564,0
DA:3565,0
DA:3566,0
DA:3567,0
DA:3568,0
DA:3569,0
DA:3574,0
DA:3581,0
FN:3581,Math.sqrt.1
FNDA:0,Math.sqrt.1
DA:3583,0
DA:3584,0
DA:3592,0
FN:3592,Math.log2.0
FNDA:0,Math.log2.0
DA:3594,0
DA:3596,0
DA:3598,0
DA:3600,0
DA:3602,0
DA:3604,0
DA:3629,0
DA:3637,0
FN:3637,Math.log2.1
FNDA:0,Math.log2.1
DA:3639,0
DA:3640,0
DA:3648,0
FN:3648,Math.log10.0
FNDA:0,Math.log10.0
DA:3649,0
DA:3651,0
BRDA:3651,124,0,-
DA:3652,0
DA:3653,0
DA:3655,0
BRDA:3655,125,0,-
DA:3656,0
DA:3657,0
DA:3659,0
BRDA:3659,126,0,-
DA:3660,0
DA:3661,0
DA:3663,0
BRDA:3663,127,0,-
DA:3664,0
DA:3665,0
DA:3667,0
BRDA:3667,128,0,-
DA:3668,0
DA:3669,0
DA:3671,0
BRDA:3671,129,0,-
DA:3672,0
DA:3673,0
DA:3675,0
BRDA:3675,130,0,-
DA:3676,0
DA:3679,0
DA:3686,0
FN:3686,Math.log10.1
FNDA:0,Math.log10.1
DA:3688,0
DA:3689,0
DA:3699,0
FN:3699,Math.log256.0
FNDA:0,Math.log256.0
DA:3701,0
DA:3703,0
DA:3705,0
DA:3707,0
DA:3709,0
DA:3716,0
FN:3716,Math.log256.1
FNDA:0,Math.log256.1
DA:3718,0
DA:3719,0
DA:3726,0
FN:3726,Math.unsignedRoundsUp
FNDA:0,Math.unsignedRoundsUp
DA:3727,0
DA:3754,2
FN:3754,FarmAccounting.farmedSinceCheckpointScaled
FNDA:2,FarmAccounting.farmedSinceCheckpointScaled
DA:3756,2
DA:3757,2
BRDA:3757,131,0,0
DA:3758,0
DA:3760,0
DA:3765,7
FN:3765,FarmAccounting.startFarming.0
FNDA:7,FarmAccounting.startFarming.0
DA:3766,7
BRDA:3766,132,0,3
DA:3767,4
BRDA:3767,133,0,2
DA:3770,2
DA:3771,2
BRDA:3771,134,0,0
DA:3772,0
DA:3775,2
BRDA:3775,135,0,2
DA:3777,0
DA:3783,0
DA:3786,2
FN:3786,FarmAccounting.stopFarming.0
FNDA:2,FarmAccounting.stopFarming.0
DA:3787,2
DA:3788,2
DA:3796,0
FN:3796,FarmAccounting.claim.0
FNDA:0,FarmAccounting.claim.0
DA:3797,0
DA:3815,15
FN:3815,UserAccounting.farmedPerToken
FNDA:15,UserAccounting.farmedPerToken
DA:3821,15
DA:3822,15
BRDA:3822,136,0,9
DA:3823,9
DA:3824,9
BRDA:3824,137,0,0
DA:3826,0
DA:3829,15
DA:3832,5
FN:3832,UserAccounting.farmed.0
FNDA:5,UserAccounting.farmed.0
DA:3834,5
DA:3837,0
FN:3837,UserAccounting.eraseFarmed
FNDA:0,UserAccounting.eraseFarmed
DA:3839,0
DA:3842,10
FN:3842,UserAccounting.updateFarmedPerToken
FNDA:10,UserAccounting.updateFarmedPerToken
DA:3843,10
DA:3846,1
FN:3846,UserAccounting.updateBalances.0
FNDA:1,UserAccounting.updateBalances.0
DA:3847,1
DA:3848,1
DA:3849,1
BRDA:3849,138,0,1
DA:3850,1
BRDA:3850,139,0,1
DA:3851,1
DA:3855,1
DA:3856,1
BRDA:3856,140,0,1
DA:3857,1
DA:3859,1
BRDA:3859,141,0,0
DA:3860,0
DA:3900,3
FN:3900,Distributor.onlyDistributor
FNDA:3,Distributor.onlyDistributor
DA:3901,3
BRDA:3901,142,0,1
DA:3910,2
FN:3910,Distributor.setDistributor
FNDA:2,Distributor.setDistributor
DA:3911,2
BRDA:3911,143,0,1
DA:3912,1
DA:3913,1
DA:3919,0
FN:3919,Distributor.distributor
FNDA:0,Distributor.distributor
DA:3920,0
DA:3957,15
FN:3957,FarmingLib.makeInfo
FNDA:15,FarmingLib.makeInfo
DA:3958,15
DA:3959,15
DA:3961,0
DA:3963,15
DA:3971,30
FN:3971,FarmingLib.getData
FNDA:30,FarmingLib.getData
DA:3972,30
DA:3974,0
DA:3985,7
FN:3985,FarmingLib.startFarming.1
FNDA:7,FarmingLib.startFarming.1
DA:3986,7
DA:3987,7
DA:3988,7
DA:3996,2
FN:3996,FarmingLib.stopFarming.1
FNDA:2,FarmingLib.stopFarming.1
DA:3997,2
DA:3998,2
DA:3999,2
DA:4009,2
FN:4009,FarmingLib.farmed.1
FNDA:2,FarmingLib.farmed.1
DA:4010,2
DA:4020,3
FN:4020,FarmingLib.claim.1
FNDA:3,FarmingLib.claim.1
DA:4021,3
DA:4022,3
DA:4023,3
DA:4024,3
BRDA:4024,144,0,0
DA:4025,0
DA:4026,0
DA:4037,1
FN:4037,FarmingLib.updateBalances.1
FNDA:1,FarmingLib.updateBalances.1
DA:4038,1
DA:4041,15
FN:4041,FarmingLib._farmedPerToken
FNDA:15,FarmingLib._farmedPerToken
DA:4042,15
DA:4047,9
FN:4047,FarmingLib._lazyGetSupply
FNDA:9,FarmingLib._lazyGetSupply
DA:4048,9
DA:4049,9
DA:4052,0
FN:4052,FarmingLib._lazyGetFarmed
FNDA:0,FarmingLib._lazyGetFarmed
DA:4053,0
DA:4054,0
DA:4057,9
FN:4057,FarmingLib._contextToInfo
FNDA:9,FarmingLib._contextToInfo
DA:4059,0
DA:4063,15
FN:4063,FarmingLib._infoToContext
FNDA:15,FarmingLib._infoToContext
DA:4065,0
DA:4128,31
FN:4128,FarmingPool.constructor.2
FNDA:31,FarmingPool.constructor.2
DA:4135,31
BRDA:4135,145,0,0
DA:4136,31
BRDA:4136,146,0,0
DA:4137,31
BRDA:4137,147,0,0
DA:4138,31
DA:4139,31
DA:4142,8
FN:4142,FarmingPool.decimals.1
FNDA:8,FarmingPool.decimals.1
DA:4143,8
DA:4146,1
FN:4146,FarmingPool.farmInfo
FNDA:1,FarmingPool.farmInfo
DA:4147,1
DA:4150,7
FN:4150,FarmingPool.startFarming.2
FNDA:7,FarmingPool.startFarming.2
DA:4151,7
DA:4152,7
DA:4153,7
DA:4156,2
FN:4156,FarmingPool.stopFarming.2
FNDA:2,FarmingPool.stopFarming.2
DA:4157,2
DA:4158,2
DA:4159,2
BRDA:4159,148,0,0
DA:4160,0
DA:4164,2
FN:4164,FarmingPool.farmed.2
FNDA:2,FarmingPool.farmed.2
DA:4165,2
DA:4168,2
FN:4168,FarmingPool.deposit
FNDA:2,FarmingPool.deposit
DA:4169,2
DA:4170,1
BRDA:4170,149,0,0
DA:4171,1
DA:4174,4
FN:4174,FarmingPool.withdraw
FNDA:4,FarmingPool.withdraw
DA:4175,4
DA:4176,4
DA:4179,3
FN:4179,FarmingPool.claim.2
FNDA:3,FarmingPool.claim.2
DA:4180,3
DA:4181,3
BRDA:4181,150,0,0
DA:4182,0
DA:4186,0
FN:4186,FarmingPool._transferReward
FNDA:0,FarmingPool._transferReward
DA:4187,0
DA:4190,3
FN:4190,FarmingPool.exit
FNDA:3,FarmingPool.exit
DA:4191,3
DA:4192,0
DA:4195,0
FN:4195,FarmingPool.rescueFunds
FNDA:0,FarmingPool.rescueFunds
DA:4196,0
BRDA:4196,151,0,-
BRDA:4196,151,1,-
DA:4197,0
DA:4199,0
BRDA:4199,152,0,-
BRDA:4199,152,1,-
DA:4200,0
BRDA:4200,153,0,-
DA:4201,0
BRDA:4201,154,0,-
DA:4202,0
BRDA:4202,155,0,-
DA:4205,0
DA:4209,15
FN:4209,FarmingPool._makeInfo
FNDA:15,FarmingPool._makeInfo
DA:4210,15
DA:4215,3
FN:4215,FarmingPool._update.1
FNDA:3,FarmingPool._update.1
DA:4216,3
BRDA:4216,156,0,1
DA:4217,1
DA:4219,3
FNF:193
FNH:46
LF:928
LH:154
BRF:165
BRH:20
end_of_record
TN:
SF:test/FarmingPoolCovTest_Distributor_distributor.t.sol
DA:17,0
FN:17,ESBMCMock_IERC20.allowance.0
FNDA:0,ESBMCMock_IERC20.allowance.0
DA:18,0
FN:18,ESBMCMock_IERC20.balanceOf.0
FNDA:0,ESBMCMock_IERC20.balanceOf.0
DA:19,0
FN:19,ESBMCMock_IERC20.transfer.0
FNDA:0,ESBMCMock_IERC20.transfer.0
DA:20,0
FN:20,ESBMCMock_IERC20.approve.0
FNDA:0,ESBMCMock_IERC20.approve.0
DA:21,0
FN:21,ESBMCMock_IERC20.transferFrom.0
FNDA:0,ESBMCMock_IERC20.transferFrom.0
DA:22,0
FN:22,ESBMCMock_IERC20.totalSupply.0
FNDA:0,ESBMCMock_IERC20.totalSupply.0
DA:27,0
FN:27,ESBMCMock_IERC20Metadata.transferFrom.1
FNDA:0,ESBMCMock_IERC20Metadata.transferFrom.1
DA:28,0
FN:28,ESBMCMock_IERC20Metadata.approve.1
FNDA:0,ESBMCMock_IERC20Metadata.approve.1
DA:29,0
FN:29,ESBMCMock_IERC20Metadata.allowance.1
FNDA:0,ESBMCMock_IERC20Metadata.allowance.1
DA:30,0
FN:30,ESBMCMock_IERC20Metadata.balanceOf.1
FNDA:0,ESBMCMock_IERC20Metadata.balanceOf.1
DA:31,0
FN:31,ESBMCMock_IERC20Metadata.symbol
FNDA:0,ESBMCMock_IERC20Metadata.symbol
DA:32,0
FN:32,ESBMCMock_IERC20Metadata.name
FNDA:0,ESBMCMock_IERC20Metadata.name
DA:33,0
FN:33,ESBMCMock_IERC20Metadata.totalSupply.1
FNDA:0,ESBMCMock_IERC20Metadata.totalSupply.1
DA:34,0
FN:34,ESBMCMock_IERC20Metadata.decimals
FNDA:0,ESBMCMock_IERC20Metadata.decimals
DA:35,0
FN:35,ESBMCMock_IERC20Metadata.transfer.1
FNDA:0,ESBMCMock_IERC20Metadata.transfer.1
DA:42,0
FN:42,FarmingPoolCovTest_Distributor_distributor.setUp
FNDA:0,FarmingPoolCovTest_Distributor_distributor.setUp
DA:43,0
DA:44,0
DA:45,0
DA:52,0
FN:52,FarmingPoolCovTest_Distributor_distributor.disabled_test_cov_0
FNDA:0,FarmingPoolCovTest_Distributor_distributor.disabled_test_cov_0
DA:54,0
FNF:17
FNH:0
LF:21
LH:0
BRF:0
BRH:0
end_of_record
TN:
SF:test/FarmingPoolCovTest_Distributor_setDistributor.t.sol
DA:17,0
FN:17,ESBMCMock_IERC20.totalSupply.0
FNDA:0,ESBMCMock_IERC20.totalSupply.0
DA:18,0
FN:18,ESBMCMock_IERC20.balanceOf.0
FNDA:0,ESBMCMock_IERC20.balanceOf.0
DA:19,0
FN:19,ESBMCMock_IERC20.transfer.0
FNDA:0,ESBMCMock_IERC20.transfer.0
DA:20,0
FN:20,ESBMCMock_IERC20.approve.0
FNDA:0,ESBMCMock_IERC20.approve.0
DA:21,0
FN:21,ESBMCMock_IERC20.transferFrom.0
FNDA:0,ESBMCMock_IERC20.transferFrom.0
DA:22,0
FN:22,ESBMCMock_IERC20.allowance.0
FNDA:0,ESBMCMock_IERC20.allowance.0
DA:27,0
FN:27,ESBMCMock_IERC20Metadata.transferFrom.1
FNDA:0,ESBMCMock_IERC20Metadata.transferFrom.1
DA:28,0
FN:28,ESBMCMock_IERC20Metadata.approve.1
FNDA:0,ESBMCMock_IERC20Metadata.approve.1
DA:29,0
FN:29,ESBMCMock_IERC20Metadata.transfer.1
FNDA:0,ESBMCMock_IERC20Metadata.transfer.1
DA:30,0
FN:30,ESBMCMock_IERC20Metadata.decimals
FNDA:0,ESBMCMock_IERC20Metadata.decimals
DA:31,5
FN:31,ESBMCMock_IERC20Metadata.symbol
FNDA:5,ESBMCMock_IERC20Metadata.symbol
DA:32,5
FN:32,ESBMCMock_IERC20Metadata.name
FNDA:5,ESBMCMock_IERC20Metadata.name
DA:33,0
FN:33,ESBMCMock_IERC20Metadata.balanceOf.1
FNDA:0,ESBMCMock_IERC20Metadata.balanceOf.1
DA:34,0
FN:34,ESBMCMock_IERC20Metadata.totalSupply.1
FNDA:0,ESBMCMock_IERC20Metadata.totalSupply.1
DA:35,0
FN:35,ESBMCMock_IERC20Metadata.allowance.1
FNDA:0,ESBMCMock_IERC20Metadata.allowance.1
FNF:15
FNH:2
LF:15
LH:2
BRF:0
BRH:0
end_of_record
TN:
SF:test/FarmingPoolCovTest_FarmingPool_claim.t.sol
DA:17,0
FN:17,ESBMCMock_IERC20.totalSupply.0
FNDA:0,ESBMCMock_IERC20.totalSupply.0
DA:18,0
FN:18,ESBMCMock_IERC20.balanceOf.0
FNDA:0,ESBMCMock_IERC20.balanceOf.0
DA:19,0
FN:19,ESBMCMock_IERC20.transfer.0
FNDA:0,ESBMCMock_IERC20.transfer.0
DA:20,0
FN:20,ESBMCMock_IERC20.approve.0
FNDA:0,ESBMCMock_IERC20.approve.0
DA:21,0
FN:21,ESBMCMock_IERC20.transferFrom.0
FNDA:0,ESBMCMock_IERC20.transferFrom.0
DA:22,0
FN:22,ESBMCMock_IERC20.allowance.0
FNDA:0,ESBMCMock_IERC20.allowance.0
DA:27,0
FN:27,ESBMCMock_IERC20Metadata.transferFrom.1
FNDA:0,ESBMCMock_IERC20Metadata.transferFrom.1
DA:28,0
FN:28,ESBMCMock_IERC20Metadata.approve.1
FNDA:0,ESBMCMock_IERC20Metadata.approve.1
DA:29,0
FN:29,ESBMCMock_IERC20Metadata.transfer.1
FNDA:0,ESBMCMock_IERC20Metadata.transfer.1
DA:30,0
FN:30,ESBMCMock_IERC20Metadata.decimals
FNDA:0,ESBMCMock_IERC20Metadata.decimals
DA:31,3
FN:31,ESBMCMock_IERC20Metadata.symbol
FNDA:3,ESBMCMock_IERC20Metadata.symbol
DA:32,3
FN:32,ESBMCMock_IERC20Metadata.name
FNDA:3,ESBMCMock_IERC20Metadata.name
DA:33,0
FN:33,ESBMCMock_IERC20Metadata.balanceOf.1
FNDA:0,ESBMCMock_IERC20Metadata.balanceOf.1
DA:34,0
FN:34,ESBMCMock_IERC20Metadata.totalSupply.1
FNDA:0,ESBMCMock_IERC20Metadata.totalSupply.1
DA:35,0
FN:35,ESBMCMock_IERC20Metadata.allowance.1
FNDA:0,ESBMCMock_IERC20Metadata.allowance.1
FNF:15
FNH:2
LF:15
LH:2
BRF:0
BRH:0
end_of_record
TN:
SF:test/FarmingPoolCovTest_FarmingPool_decimals.t.sol
DA:17,0
FN:17,ESBMCMock_IERC20.allowance.0
FNDA:0,ESBMCMock_IERC20.allowance.0
DA:18,0
FN:18,ESBMCMock_IERC20.balanceOf.0
FNDA:0,ESBMCMock_IERC20.balanceOf.0
DA:19,0
FN:19,ESBMCMock_IERC20.transfer.0
FNDA:0,ESBMCMock_IERC20.transfer.0
DA:20,0
FN:20,ESBMCMock_IERC20.approve.0
FNDA:0,ESBMCMock_IERC20.approve.0
DA:21,0
FN:21,ESBMCMock_IERC20.transferFrom.0
FNDA:0,ESBMCMock_IERC20.transferFrom.0
DA:22,0
FN:22,ESBMCMock_IERC20.totalSupply.0
FNDA:0,ESBMCMock_IERC20.totalSupply.0
DA:27,0
FN:27,ESBMCMock_IERC20Metadata.transferFrom.1
FNDA:0,ESBMCMock_IERC20Metadata.transferFrom.1
DA:28,0
FN:28,ESBMCMock_IERC20Metadata.approve.1
FNDA:0,ESBMCMock_IERC20Metadata.approve.1
DA:29,0
FN:29,ESBMCMock_IERC20Metadata.transfer.1
FNDA:0,ESBMCMock_IERC20Metadata.transfer.1
DA:30,3
FN:30,ESBMCMock_IERC20Metadata.symbol
FNDA:3,ESBMCMock_IERC20Metadata.symbol
DA:31,3
FN:31,ESBMCMock_IERC20Metadata.name
FNDA:3,ESBMCMock_IERC20Metadata.name
DA:32,0
FN:32,ESBMCMock_IERC20Metadata.balanceOf.1
FNDA:0,ESBMCMock_IERC20Metadata.balanceOf.1
DA:33,8
FN:33,ESBMCMock_IERC20Metadata.decimals
FNDA:8,ESBMCMock_IERC20Metadata.decimals
DA:34,0
FN:34,ESBMCMock_IERC20Metadata.totalSupply.1
FNDA:0,ESBMCMock_IERC20Metadata.totalSupply.1
DA:35,0
FN:35,ESBMCMock_IERC20Metadata.allowance.1
FNDA:0,ESBMCMock_IERC20Metadata.allowance.1
FNF:15
FNH:3
LF:15
LH:3
BRF:0
BRH:0
end_of_record
TN:
SF:test/FarmingPoolCovTest_FarmingPool_deposit.t.sol
DA:17,0
FN:17,ESBMCMock_IERC20.totalSupply.0
FNDA:0,ESBMCMock_IERC20.totalSupply.0
DA:18,0
FN:18,ESBMCMock_IERC20.balanceOf.0
FNDA:0,ESBMCMock_IERC20.balanceOf.0
DA:19,0
FN:19,ESBMCMock_IERC20.transfer.0
FNDA:0,ESBMCMock_IERC20.transfer.0
DA:20,0
FN:20,ESBMCMock_IERC20.approve.0
FNDA:0,ESBMCMock_IERC20.approve.0
DA:21,0
FN:21,ESBMCMock_IERC20.transferFrom.0
FNDA:0,ESBMCMock_IERC20.transferFrom.0
DA:22,0
FN:22,ESBMCMock_IERC20.allowance.0
FNDA:0,ESBMCMock_IERC20.allowance.0
DA:27,1
FN:27,ESBMCMock_IERC20Metadata.transferFrom.1
FNDA:1,ESBMCMock_IERC20Metadata.transferFrom.1
DA:28,0
FN:28,ESBMCMock_IERC20Metadata.approve.1
FNDA:0,ESBMCMock_IERC20Metadata.approve.1
DA:29,0
FN:29,ESBMCMock_IERC20Metadata.transfer.1
FNDA:0,ESBMCMock_IERC20Metadata.transfer.1
DA:30,0
FN:30,ESBMCMock_IERC20Metadata.decimals
FNDA:0,ESBMCMock_IERC20Metadata.decimals
DA:31,2
FN:31,ESBMCMock_IERC20Metadata.symbol
FNDA:2,ESBMCMock_IERC20Metadata.symbol
DA:32,2
FN:32,ESBMCMock_IERC20Metadata.name
FNDA:2,ESBMCMock_IERC20Metadata.name
DA:33,0
FN:33,ESBMCMock_IERC20Metadata.balanceOf.1
FNDA:0,ESBMCMock_IERC20Metadata.balanceOf.1
DA:34,0
FN:34,ESBMCMock_IERC20Metadata.totalSupply.1
FNDA:0,ESBMCMock_IERC20Metadata.totalSupply.1
DA:35,0
FN:35,ESBMCMock_IERC20Metadata.allowance.1
FNDA:0,ESBMCMock_IERC20Metadata.allowance.1
FNF:15
FNH:3
LF:15
LH:3
BRF:0
BRH:0
end_of_record
TN:
SF:test/FarmingPoolCovTest_FarmingPool_exit.t.sol
DA:17,0
FN:17,ESBMCMock_IERC20.totalSupply.0
FNDA:0,ESBMCMock_IERC20.totalSupply.0
DA:18,0
FN:18,ESBMCMock_IERC20.balanceOf.0
FNDA:0,ESBMCMock_IERC20.balanceOf.0
DA:19,0
FN:19,ESBMCMock_IERC20.transfer.0
FNDA:0,ESBMCMock_IERC20.transfer.0
DA:20,0
FN:20,ESBMCMock_IERC20.approve.0
FNDA:0,ESBMCMock_IERC20.approve.0
DA:21,0
FN:21,ESBMCMock_IERC20.transferFrom.0
FNDA:0,ESBMCMock_IERC20.transferFrom.0
DA:22,0
FN:22,ESBMCMock_IERC20.allowance.0
FNDA:0,ESBMCMock_IERC20.allowance.0
DA:27,0
FN:27,ESBMCMock_IERC20Metadata.transferFrom.1
FNDA:0,ESBMCMock_IERC20Metadata.transferFrom.1
DA:28,0
FN:28,ESBMCMock_IERC20Metadata.approve.1
FNDA:0,ESBMCMock_IERC20Metadata.approve.1
DA:29,1
FN:29,ESBMCMock_IERC20Metadata.transfer.1
FNDA:1,ESBMCMock_IERC20Metadata.transfer.1
DA:30,0
FN:30,ESBMCMock_IERC20Metadata.decimals
FNDA:0,ESBMCMock_IERC20Metadata.decimals
DA:31,3
FN:31,ESBMCMock_IERC20Metadata.symbol
FNDA:3,ESBMCMock_IERC20Metadata.symbol
DA:32,3
FN:32,ESBMCMock_IERC20Metadata.name
FNDA:3,ESBMCMock_IERC20Metadata.name
DA:33,0
FN:33,ESBMCMock_IERC20Metadata.balanceOf.1
FNDA:0,ESBMCMock_IERC20Metadata.balanceOf.1
DA:34,0
FN:34,ESBMCMock_IERC20Metadata.totalSupply.1
FNDA:0,ESBMCMock_IERC20Metadata.totalSupply.1
DA:35,0
FN:35,ESBMCMock_IERC20Metadata.allowance.1
FNDA:0,ESBMCMock_IERC20Metadata.allowance.1
FNF:15
FNH:3
LF:15
LH:3
BRF:0
BRH:0
end_of_record
TN:
SF:test/FarmingPoolCovTest_FarmingPool_farmInfo.t.sol
DA:17,0
FN:17,ESBMCMock_IERC20.totalSupply.0
FNDA:0,ESBMCMock_IERC20.totalSupply.0
DA:18,0
FN:18,ESBMCMock_IERC20.allowance.0
FNDA:0,ESBMCMock_IERC20.allowance.0
DA:19,0
FN:19,ESBMCMock_IERC20.balanceOf.0
FNDA:0,ESBMCMock_IERC20.balanceOf.0
DA:20,0
FN:20,ESBMCMock_IERC20.transfer.0
FNDA:0,ESBMCMock_IERC20.transfer.0
DA:21,0
FN:21,ESBMCMock_IERC20.approve.0
FNDA:0,ESBMCMock_IERC20.approve.0
DA:22,0
FN:22,ESBMCMock_IERC20.transferFrom.0
FNDA:0,ESBMCMock_IERC20.transferFrom.0
DA:27,0
FN:27,ESBMCMock_IERC20Metadata.transferFrom.1
FNDA:0,ESBMCMock_IERC20Metadata.transferFrom.1
DA:28,0
FN:28,ESBMCMock_IERC20Metadata.approve.1
FNDA:0,ESBMCMock_IERC20Metadata.approve.1
DA:29,0
FN:29,ESBMCMock_IERC20Metadata.transfer.1
FNDA:0,ESBMCMock_IERC20Metadata.transfer.1
DA:30,0
FN:30,ESBMCMock_IERC20Metadata.decimals
FNDA:0,ESBMCMock_IERC20Metadata.decimals
DA:31,1
FN:31,ESBMCMock_IERC20Metadata.symbol
FNDA:1,ESBMCMock_IERC20Metadata.symbol
DA:32,1
FN:32,ESBMCMock_IERC20Metadata.name
FNDA:1,ESBMCMock_IERC20Metadata.name
DA:33,0
FN:33,ESBMCMock_IERC20Metadata.balanceOf.1
FNDA:0,ESBMCMock_IERC20Metadata.balanceOf.1
DA:34,0
FN:34,ESBMCMock_IERC20Metadata.totalSupply.1
FNDA:0,ESBMCMock_IERC20Metadata.totalSupply.1
DA:35,0
FN:35,ESBMCMock_IERC20Metadata.allowance.1
FNDA:0,ESBMCMock_IERC20Metadata.allowance.1
FNF:15
FNH:2
LF:15
LH:2
BRF:0
BRH:0
end_of_record
TN:
SF:test/FarmingPoolCovTest_FarmingPool_farmed.t.sol
DA:17,0
FN:17,ESBMCMock_IERC20.totalSupply.0
FNDA:0,ESBMCMock_IERC20.totalSupply.0
DA:18,0
FN:18,ESBMCMock_IERC20.balanceOf.0
FNDA:0,ESBMCMock_IERC20.balanceOf.0
DA:19,0
FN:19,ESBMCMock_IERC20.transfer.0
FNDA:0,ESBMCMock_IERC20.transfer.0
DA:20,0
FN:20,ESBMCMock_IERC20.approve.0
FNDA:0,ESBMCMock_IERC20.approve.0
DA:21,0
FN:21,ESBMCMock_IERC20.transferFrom.0
FNDA:0,ESBMCMock_IERC20.transferFrom.0
DA:22,0
FN:22,ESBMCMock_IERC20.allowance.0
FNDA:0,ESBMCMock_IERC20.allowance.0
DA:27,0
FN:27,ESBMCMock_IERC20Metadata.transferFrom.1
FNDA:0,ESBMCMock_IERC20Metadata.transferFrom.1
DA:28,0
FN:28,ESBMCMock_IERC20Metadata.approve.1
FNDA:0,ESBMCMock_IERC20Metadata.approve.1
DA:29,0
FN:29,ESBMCMock_IERC20Metadata.transfer.1
FNDA:0,ESBMCMock_IERC20Metadata.transfer.1
DA:30,0
FN:30,ESBMCMock_IERC20Metadata.decimals
FNDA:0,ESBMCMock_IERC20Metadata.decimals
DA:31,2
FN:31,ESBMCMock_IERC20Metadata.symbol
FNDA:2,ESBMCMock_IERC20Metadata.symbol
DA:32,2
FN:32,ESBMCMock_IERC20Metadata.name
FNDA:2,ESBMCMock_IERC20Metadata.name
DA:33,0
FN:33,ESBMCMock_IERC20Metadata.balanceOf.1
FNDA:0,ESBMCMock_IERC20Metadata.balanceOf.1
DA:34,0
FN:34,ESBMCMock_IERC20Metadata.totalSupply.1
FNDA:0,ESBMCMock_IERC20Metadata.totalSupply.1
DA:35,0
FN:35,ESBMCMock_IERC20Metadata.allowance.1
FNDA:0,ESBMCMock_IERC20Metadata.allowance.1
FNF:15
FNH:2
LF:15
LH:2
BRF:0
BRH:0
end_of_record
TN:
SF:test/FarmingPoolCovTest_FarmingPool_startFarming.t.sol
DA:17,0
FN:17,ESBMCMock_IERC20.totalSupply.0
FNDA:0,ESBMCMock_IERC20.totalSupply.0
DA:18,0
FN:18,ESBMCMock_IERC20.balanceOf.0
FNDA:0,ESBMCMock_IERC20.balanceOf.0
DA:19,0
FN:19,ESBMCMock_IERC20.transfer.0
FNDA:0,ESBMCMock_IERC20.transfer.0
DA:20,0
FN:20,ESBMCMock_IERC20.approve.0
FNDA:0,ESBMCMock_IERC20.approve.0
DA:21,0
FN:21,ESBMCMock_IERC20.transferFrom.0
FNDA:0,ESBMCMock_IERC20.transferFrom.0
DA:22,0
FN:22,ESBMCMock_IERC20.allowance.0
FNDA:0,ESBMCMock_IERC20.allowance.0
DA:27,0
FN:27,ESBMCMock_IERC20Metadata.transferFrom.1
FNDA:0,ESBMCMock_IERC20Metadata.transferFrom.1
DA:28,0
FN:28,ESBMCMock_IERC20Metadata.approve.1
FNDA:0,ESBMCMock_IERC20Metadata.approve.1
DA:29,0
FN:29,ESBMCMock_IERC20Metadata.transfer.1
FNDA:0,ESBMCMock_IERC20Metadata.transfer.1
DA:30,0
FN:30,ESBMCMock_IERC20Metadata.decimals
FNDA:0,ESBMCMock_IERC20Metadata.decimals
DA:31,8
FN:31,ESBMCMock_IERC20Metadata.symbol
FNDA:8,ESBMCMock_IERC20Metadata.symbol
DA:32,8
FN:32,ESBMCMock_IERC20Metadata.name
FNDA:8,ESBMCMock_IERC20Metadata.name
DA:33,0
FN:33,ESBMCMock_IERC20Metadata.balanceOf.1
FNDA:0,ESBMCMock_IERC20Metadata.balanceOf.1
DA:34,0
FN:34,ESBMCMock_IERC20Metadata.totalSupply.1
FNDA:0,ESBMCMock_IERC20Metadata.totalSupply.1
DA:35,0
FN:35,ESBMCMock_IERC20Metadata.allowance.1
FNDA:0,ESBMCMock_IERC20Metadata.allowance.1
FNF:15
FNH:2
LF:15
LH:2
BRF:0
BRH:0
end_of_record
TN:
SF:test/FarmingPoolCovTest_FarmingPool_stopFarming.t.sol
DA:17,0
FN:17,ESBMCMock_IERC20.totalSupply.0
FNDA:0,ESBMCMock_IERC20.totalSupply.0
DA:18,0
FN:18,ESBMCMock_IERC20.balanceOf.0
FNDA:0,ESBMCMock_IERC20.balanceOf.0
DA:19,0
FN:19,ESBMCMock_IERC20.transfer.0
FNDA:0,ESBMCMock_IERC20.transfer.0
DA:20,0
FN:20,ESBMCMock_IERC20.approve.0
FNDA:0,ESBMCMock_IERC20.approve.0
DA:21,0
FN:21,ESBMCMock_IERC20.transferFrom.0
FNDA:0,ESBMCMock_IERC20.transferFrom.0
DA:22,0
FN:22,ESBMCMock_IERC20.allowance.0
FNDA:0,ESBMCMock_IERC20.allowance.0
DA:27,0
FN:27,ESBMCMock_IERC20Metadata.transferFrom.1
FNDA:0,ESBMCMock_IERC20Metadata.transferFrom.1
DA:28,0
FN:28,ESBMCMock_IERC20Metadata.approve.1
FNDA:0,ESBMCMock_IERC20Metadata.approve.1
DA:29,0
FN:29,ESBMCMock_IERC20Metadata.transfer.1
FNDA:0,ESBMCMock_IERC20Metadata.transfer.1
DA:30,0
FN:30,ESBMCMock_IERC20Metadata.decimals
FNDA:0,ESBMCMock_IERC20Metadata.decimals
DA:31,3
FN:31,ESBMCMock_IERC20Metadata.symbol
FNDA:3,ESBMCMock_IERC20Metadata.symbol
DA:32,3
FN:32,ESBMCMock_IERC20Metadata.name
FNDA:3,ESBMCMock_IERC20Metadata.name
DA:33,0
FN:33,ESBMCMock_IERC20Metadata.balanceOf.1
FNDA:0,ESBMCMock_IERC20Metadata.balanceOf.1
DA:34,0
FN:34,ESBMCMock_IERC20Metadata.totalSupply.1
FNDA:0,ESBMCMock_IERC20Metadata.totalSupply.1
DA:35,0
FN:35,ESBMCMock_IERC20Metadata.allowance.1
FNDA:0,ESBMCMock_IERC20Metadata.allowance.1
FNF:15
FNH:2
LF:15
LH:2
BRF:0
BRH:0
end_of_record
TN:
SF:test/FarmingPoolCovTest_FarmingPool_withdraw.t.sol
DA:17,0
FN:17,ESBMCMock_IERC20.totalSupply.0
FNDA:0,ESBMCMock_IERC20.totalSupply.0
DA:18,0
FN:18,ESBMCMock_IERC20.balanceOf.0
FNDA:0,ESBMCMock_IERC20.balanceOf.0
DA:19,0
FN:19,ESBMCMock_IERC20.transfer.0
FNDA:0,ESBMCMock_IERC20.transfer.0
DA:20,0
FN:20,ESBMCMock_IERC20.approve.0
FNDA:0,ESBMCMock_IERC20.approve.0
DA:21,0
FN:21,ESBMCMock_IERC20.transferFrom.0
FNDA:0,ESBMCMock_IERC20.transferFrom.0
DA:22,0
FN:22,ESBMCMock_IERC20.allowance.0
FNDA:0,ESBMCMock_IERC20.allowance.0
DA:27,0
FN:27,ESBMCMock_IERC20Metadata.transferFrom.1
FNDA:0,ESBMCMock_IERC20Metadata.transferFrom.1
DA:28,0
FN:28,ESBMCMock_IERC20Metadata.approve.1
FNDA:0,ESBMCMock_IERC20Metadata.approve.1
DA:29,0
FN:29,ESBMCMock_IERC20Metadata.transfer.1
FNDA:0,ESBMCMock_IERC20Metadata.transfer.1
DA:30,0
FN:30,ESBMCMock_IERC20Metadata.decimals
FNDA:0,ESBMCMock_IERC20Metadata.decimals
DA:31,1
FN:31,ESBMCMock_IERC20Metadata.symbol
FNDA:1,ESBMCMock_IERC20Metadata.symbol
DA:32,1
FN:32,ESBMCMock_IERC20Metadata.name
FNDA:1,ESBMCMock_IERC20Metadata.name
DA:33,0
FN:33,ESBMCMock_IERC20Metadata.balanceOf.1
FNDA:0,ESBMCMock_IERC20Metadata.balanceOf.1
DA:34,0
FN:34,ESBMCMock_IERC20Metadata.totalSupply.1
FNDA:0,ESBMCMock_IERC20Metadata.totalSupply.1
DA:35,0
FN:35,ESBMCMock_IERC20Metadata.allowance.1
FNDA:0,ESBMCMock_IERC20Metadata.allowance.1
FNF:15
FNH:2
LF:15
LH:2
BRF:0
BRH:0
end_of_record
