TN:
SF:src/cross-chain-swap__EscrowDst.flat.sol
DA:20,211
FN:20,AddressLib.get.0
FNDA:211,AddressLib.get.0
DA:21,211
DA:30,0
FN:30,AddressLib.getFlag
FNDA:0,AddressLib.getFlag
DA:31,0
DA:40,0
FN:40,AddressLib.getUint32
FNDA:0,AddressLib.getUint32
DA:41,0
DA:50,0
FN:50,AddressLib.getUint64
FNDA:0,AddressLib.getUint64
DA:51,0
DA:406,52
FN:406,ProxyHashLib.computeProxyBytecodeHash
FNDA:52,ProxyHashLib.computeProxyBytecodeHash
DA:409,0
DA:411,0
DA:413,0
DA:414,0
DA:430,0
FN:430,RevertReasonForwarder.reRevert
FNDA:0,RevertReasonForwarder.reRevert
DA:433,0
DA:434,0
DA:435,0
DA:444,0
FN:444,RevertReasonForwarder.reReason
FNDA:0,RevertReasonForwarder.reReason
DA:446,0
DA:447,0
DA:448,0
DA:449,0
DA:450,0
DA:506,0
FN:506,TimelocksLib.setDeployedAt
FNDA:0,TimelocksLib.setDeployedAt
DA:507,0
DA:515,0
FN:515,TimelocksLib.rescueStart
FNDA:0,TimelocksLib.rescueStart
DA:517,0
DA:527,0
FN:527,TimelocksLib.get.1
FNDA:0,TimelocksLib.get.1
DA:528,0
DA:529,0
DA:531,0
DA:568,0
FN:568,Create2.deploy
FNDA:0,Create2.deploy
DA:569,0
BRDA:569,0,0,-
DA:570,0
DA:572,0
BRDA:572,1,0,-
DA:573,0
DA:576,0
DA:578,0
BRDA:578,2,0,-
DA:579,0
DA:580,0
DA:581,0
DA:584,0
BRDA:584,3,0,-
DA:585,0
DA:593,0
FN:593,Create2.computeAddress.0
FNDA:0,Create2.computeAddress.0
DA:594,0
DA:601,50
FN:601,Create2.computeAddress.1
FNDA:50,Create2.computeAddress.1
DA:603,0
DA:615,0
DA:616,0
DA:617,0
DA:618,0
DA:619,0
DA:620,0
DA:761,0
FN:761,ImmutablesLib.protocolFeeAmount
FNDA:0,ImmutablesLib.protocolFeeAmount
DA:762,0
DA:763,0
BRDA:763,4,0,-
DA:765,0
DA:774,0
FN:774,ImmutablesLib.integratorFeeAmount
FNDA:0,ImmutablesLib.integratorFeeAmount
DA:775,0
DA:776,0
BRDA:776,5,0,-
DA:778,0
DA:787,0
FN:787,ImmutablesLib.protocolFeeRecipient
FNDA:0,ImmutablesLib.protocolFeeRecipient
DA:788,0
DA:789,0
BRDA:789,6,0,-
DA:791,0
DA:800,0
FN:800,ImmutablesLib.integratorFeeRecipient
FNDA:0,ImmutablesLib.integratorFeeRecipient
DA:801,0
DA:802,0
BRDA:802,7,0,-
DA:804,0
DA:813,0
FN:813,ImmutablesLib.protocolFeeAmountCd
FNDA:0,ImmutablesLib.protocolFeeAmountCd
DA:814,0
DA:815,0
BRDA:815,8,0,-
DA:817,0
DA:826,0
FN:826,ImmutablesLib.integratorFeeAmountCd
FNDA:0,ImmutablesLib.integratorFeeAmountCd
DA:827,0
DA:828,0
BRDA:828,9,0,-
DA:830,0
DA:839,0
FN:839,ImmutablesLib.protocolFeeRecipientCd
FNDA:0,ImmutablesLib.protocolFeeRecipientCd
DA:840,0
DA:841,0
BRDA:841,10,0,-
DA:843,0
DA:852,0
FN:852,ImmutablesLib.integratorFeeRecipientCd
FNDA:0,ImmutablesLib.integratorFeeRecipientCd
DA:853,0
DA:854,0
BRDA:854,11,0,-
DA:856,0
DA:865,50
FN:865,ImmutablesLib.hash
FNDA:50,ImmutablesLib.hash
DA:867,50
DA:869,0
DA:872,0
DA:873,0
DA:876,0
DA:877,0
DA:878,0
DA:887,0
FN:887,ImmutablesLib.hashMem
FNDA:0,ImmutablesLib.hashMem
DA:890,0
DA:892,0
DA:893,0
DA:894,0
DA:897,0
DA:898,0
DA:900,0
DA:955,0
FN:955,SafeERC20.safeBalanceOf
FNDA:0,SafeERC20.safeBalanceOf
DA:959,0
DA:961,0
DA:962,0
DA:963,0
DA:964,0
DA:966,0
BRDA:966,12,0,-
DA:967,0
DA:968,0
DA:969,0
DA:986,0
FN:986,SafeERC20.safeTransferFromUniversal
FNDA:0,SafeERC20.safeTransferFromUniversal
DA:993,0
BRDA:993,13,0,-
BRDA:993,13,1,-
DA:994,0
DA:996,0
DA:1010,0
FN:1010,SafeERC20.safeTransferFrom
FNDA:0,SafeERC20.safeTransferFrom
DA:1016,0
DA:1017,0
DA:1019,0
DA:1021,0
DA:1022,0
DA:1023,0
DA:1024,0
DA:1025,0
DA:1026,0
BRDA:1026,14,0,-
DA:1027,0
DA:1028,0
DA:1029,0
DA:1031,0
DA:1032,0
DA:1036,0
BRDA:1036,15,0,-
DA:1049,0
FN:1049,SafeERC20.safeTransferFromPermit2
FNDA:0,SafeERC20.safeTransferFromPermit2
DA:1055,0
BRDA:1055,16,0,-
DA:1056,0
DA:1057,0
DA:1058,0
DA:1060,0
DA:1062,0
DA:1063,0
DA:1064,0
DA:1065,0
DA:1066,0
DA:1067,0
DA:1068,0
BRDA:1068,17,0,-
DA:1069,0
DA:1072,0
BRDA:1072,18,0,-
DA:1084,0
FN:1084,SafeERC20.safeTransfer
FNDA:0,SafeERC20.safeTransfer
DA:1089,0
BRDA:1089,19,0,-
DA:1090,0
DA:1103,0
FN:1103,SafeERC20.forceApprove
FNDA:0,SafeERC20.forceApprove
DA:1108,0
BRDA:1108,20,0,-
DA:1110,0
DA:1111,0
DA:1112,0
BRDA:1112,21,0,-
DA:1113,0
DA:1128,0
FN:1128,SafeERC20.safeIncreaseAllowance
FNDA:0,SafeERC20.safeIncreaseAllowance
DA:1133,0
DA:1134,0
BRDA:1134,22,0,-
DA:1135,0
DA:1148,0
FN:1148,SafeERC20.safeDecreaseAllowance
FNDA:0,SafeERC20.safeDecreaseAllowance
DA:1153,0
DA:1154,0
BRDA:1154,23,0,-
DA:1155,0
DA:1165,0
FN:1165,SafeERC20.safePermit.0
FNDA:0,SafeERC20.safePermit.0
DA:1166,0
BRDA:1166,24,0,-
DA:1180,0
FN:1180,SafeERC20.safePermit.1
FNDA:0,SafeERC20.safePermit.1
DA:1181,0
BRDA:1181,25,0,-
DA:1191,0
FN:1191,SafeERC20.tryPermit.0
FNDA:0,SafeERC20.tryPermit.0
DA:1192,0
DA:1212,0
FN:1212,SafeERC20.tryPermit.1
FNDA:0,SafeERC20.tryPermit.1
DA:1213,0
DA:1215,0
DA:1216,0
DA:1217,0
DA:1218,0
DA:1220,0
DA:1225,0
DA:1226,0
DA:1227,0
DA:1228,0
DA:1232,0
DA:1233,0
DA:1235,0
DA:1236,0
DA:1237,0
DA:1238,0
DA:1239,0
DA:1242,0
DA:1245,0
DA:1246,0
DA:1247,0
DA:1248,0
DA:1252,0
DA:1253,0
DA:1255,0
DA:1256,0
DA:1257,0
DA:1258,0
DA:1259,0
DA:1260,0
DA:1263,0
DA:1266,0
DA:1267,0
DA:1268,0
DA:1270,0
DA:1273,0
DA:1274,0
DA:1275,0
DA:1277,0
DA:1280,0
DA:1282,0
DA:1283,0
DA:1284,0
DA:1286,0
DA:1288,0
DA:1289,0
DA:1290,0
DA:1292,0
DA:1293,0
DA:1294,0
DA:1295,0
DA:1296,0
DA:1298,0
DA:1301,0
DA:1302,0
DA:1303,0
DA:1305,0
DA:1308,0
DA:1309,0
DA:1310,0
DA:1312,0
DA:1327,0
FN:1327,SafeERC20._makeCall
FNDA:0,SafeERC20._makeCall
DA:1334,0
DA:1336,0
DA:1337,0
DA:1338,0
DA:1339,0
DA:1340,0
BRDA:1340,26,0,-
DA:1341,0
DA:1342,0
DA:1343,0
DA:1345,0
DA:1346,0
DA:1357,0
FN:1357,SafeERC20.safeDeposit
FNDA:0,SafeERC20.safeDeposit
DA:1358,0
DA:1360,0
DA:1361,0
BRDA:1361,27,0,-
DA:1362,0
DA:1363,0
DA:1364,0
DA:1375,0
FN:1375,SafeERC20.safeWithdraw
FNDA:0,SafeERC20.safeWithdraw
DA:1376,0
DA:1378,0
DA:1379,0
DA:1380,0
BRDA:1380,28,0,-
DA:1381,0
DA:1382,0
DA:1383,0
DA:1395,0
FN:1395,SafeERC20.safeWithdrawTo
FNDA:0,SafeERC20.safeWithdrawTo
DA:1396,0
DA:1397,0
BRDA:1397,29,0,-
DA:1399,0
BRDA:1399,30,0,-
DA:1400,0
DA:1401,0
DA:1402,0
DA:1408,0
FN:1408,SafeERC20._getPermit2Address
FNDA:0,SafeERC20._getPermit2Address
DA:1410,0
DA:1411,0
DA:1412,0
DA:1414,0
DA:1415,0
DA:1417,0
DA:1418,0
DA:1420,0
DA:1421,0
DA:1448,52
FN:1448,BaseEscrow.constructor
FNDA:52,BaseEscrow.constructor
DA:1449,52
DA:1450,52
DA:1453,185
FN:1453,BaseEscrow.onlyCaller
FNDA:185,BaseEscrow.onlyCaller
DA:1454,185
BRDA:1454,31,0,145
DA:1458,40
FN:1458,BaseEscrow.onlyValidImmutables
FNDA:40,BaseEscrow.onlyValidImmutables
DA:1459,40
DA:1463,0
FN:1463,BaseEscrow.onlyValidSecret
FNDA:0,BaseEscrow.onlyValidSecret
DA:1464,0
BRDA:1464,32,0,-
DA:1468,0
FN:1468,BaseEscrow.onlyAfter
FNDA:0,BaseEscrow.onlyAfter
DA:1469,0
BRDA:1469,33,0,-
DA:1473,0
FN:1473,BaseEscrow.onlyBefore
FNDA:0,BaseEscrow.onlyBefore
DA:1474,0
BRDA:1474,34,0,-
DA:1478,0
FN:1478,BaseEscrow.onlyAccessTokenHolder
FNDA:0,BaseEscrow.onlyAccessTokenHolder
DA:1479,0
BRDA:1479,35,0,-
DA:1486,26
FN:1486,BaseEscrow.rescueFunds
FNDA:26,BaseEscrow.rescueFunds
DA:1488,26
DA:1489,10
DA:1490,0
DA:1492,0
DA:1493,0
DA:1499,0
FN:1499,BaseEscrow._uniTransfer
FNDA:0,BaseEscrow._uniTransfer
DA:1500,0
BRDA:1500,36,0,-
BRDA:1500,36,1,-
DA:1501,0
DA:1503,0
DA:1510,0
FN:1510,BaseEscrow._ethTransfer
FNDA:0,BaseEscrow._ethTransfer
DA:1511,0
DA:1512,0
BRDA:1512,37,0,-
DA:1525,0
FN:1525,BaseEscrow._keccakBytes32
FNDA:0,BaseEscrow._keccakBytes32
DA:1527,0
DA:1528,0
DA:1547,50
FN:1547,Escrow._validateImmutables
FNDA:50,Escrow._validateImmutables
DA:1548,50
BRDA:1548,38,0,50
DA:1549,50
DA:1576,0
FN:1576,EscrowDst.withdraw
FNDA:0,EscrowDst.withdraw
DA:1578,0
DA:1579,0
DA:1580,0
DA:1582,0
DA:1590,0
FN:1590,EscrowDst.publicWithdraw
FNDA:0,EscrowDst.publicWithdraw
DA:1593,0
DA:1594,0
DA:1596,0
DA:1604,185
FN:1604,EscrowDst.cancel
FNDA:185,EscrowDst.cancel
DA:1606,185
DA:1607,40
DA:1608,0
DA:1610,0
DA:1611,0
DA:1612,0
DA:1619,0
FN:1619,EscrowDst._withdraw
FNDA:0,EscrowDst._withdraw
DA:1621,0
DA:1624,0
DA:1625,0
DA:1626,0
BRDA:1626,39,0,-
DA:1627,0
DA:1629,0
BRDA:1629,40,0,-
DA:1630,0
DA:1632,0
DA:1633,0
DA:1634,0
DA:1635,0
FNF:56
FNH:10
LF:337
LH:22
BRF:43
BRH:2
end_of_record
TN:
SF:test/EscrowDstCovTest_BaseEscrow_rescueFunds.t.sol
DA:19,0
FN:19,ESBMCMock_IERC20.totalSupply
FNDA:0,ESBMCMock_IERC20.totalSupply
DA:20,0
FN:20,ESBMCMock_IERC20.transferFrom
FNDA:0,ESBMCMock_IERC20.transferFrom
DA:21,0
FN:21,ESBMCMock_IERC20.transfer
FNDA:0,ESBMCMock_IERC20.transfer
DA:22,0
FN:22,ESBMCMock_IERC20.allowance
FNDA:0,ESBMCMock_IERC20.allowance
DA:23,0
FN:23,ESBMCMock_IERC20.balanceOf
FNDA:0,ESBMCMock_IERC20.balanceOf
DA:24,0
FN:24,ESBMCMock_IERC20.approve
FNDA:0,ESBMCMock_IERC20.approve
FNF:6
FNH:0
LF:6
LH:0
BRF:0
BRH:0
end_of_record
TN:
SF:test/EscrowDstCovTest_EscrowDst_cancel.t.sol
DA:19,0
FN:19,ESBMCMock_IERC20.totalSupply
FNDA:0,ESBMCMock_IERC20.totalSupply
DA:20,0
FN:20,ESBMCMock_IERC20.transferFrom
FNDA:0,ESBMCMock_IERC20.transferFrom
DA:21,0
FN:21,ESBMCMock_IERC20.transfer
FNDA:0,ESBMCMock_IERC20.transfer
DA:22,0
FN:22,ESBMCMock_IERC20.allowance
FNDA:0,ESBMCMock_IERC20.allowance
DA:23,0
FN:23,ESBMCMock_IERC20.balanceOf
FNDA:0,ESBMCMock_IERC20.balanceOf
DA:24,0
FN:24,ESBMCMock_IERC20.approve
FNDA:0,ESBMCMock_IERC20.approve
FNF:6
FNH:0
LF:6
LH:0
BRF:0
BRH:0
end_of_record
